<?xml version="1.0" encoding="UTF-8"?>
<!-- Generated by org.testng.reporters.JUnitXMLReporter -->
<testsuite hostname="DESKTOP-J08TL4P" ignored="0" name="Test" tests="8" failures="0" timestamp="08 Oca 2021 22:58:11 GMT" time="315.664" errors="0">
  <testcase name="facebookla_gir" time="18.27" classname="MainNabiz.NabizFramework.GirisYap"/>
  <testcase name="twitterla_gir" time="41.136" classname="MainNabiz.NabizFramework.GirisYap"/>
  <testcase name="google_ile_Gir" time="19.456" classname="MainNabiz.NabizFramework.GirisYap"/>
  <testcase name="no_input_Giris" time="10.263" classname="MainNabiz.NabizFramework.GirisYap"/>
  <testcase name="yanlis_sifre" time="17.24" classname="MainNabiz.NabizFramework.GirisYap"/>
  <testcase name="yanlis_mail" time="17.667" classname="MainNabiz.NabizFramework.GirisYap"/>
  <testcase name="dusuk_karakterli_sifre" time="16.682" classname="MainNabiz.NabizFramework.GirisYap"/>
  <testcase name="standart_giris" time="27.431" classname="MainNabiz.NabizFramework.GirisYap"/>
</testsuite> <!-- Test -->
