<?xml version="1.0" encoding="UTF-8"?>
<!-- Generated by org.testng.reporters.JUnitXMLReporter -->
<testsuite hostname="DESKTOP-J08TL4P" ignored="0" name="TestGiris" tests="8" failures="0" timestamp="19 Oca 2021 03:26:32 GMT" time="284.561" errors="0">
  <testcase name="facebookla_gir" time="16.316" classname="MainNabiz.NabizFramework.GirisYapFacebook"/>
  <testcase name="twitterla_gir" time="26.0" classname="MainNabiz.NabizFramework.GirisYapTwitter"/>
  <testcase name="google_ile_Gir" time="21.881" classname="MainNabiz.NabizFramework.GirisYapGoogle"/>
  <testcase name="no_input_Giris" time="10.288" classname="MainNabiz.NabizFramework.GirisYapNoInput"/>
  <testcase name="yanlis_sifre" time="16.446" classname="MainNabiz.NabizFramework.GirisYapYanlisSifre"/>
  <testcase name="yanlis_mail" time="19.462" classname="MainNabiz.NabizFramework.GirisYapYanlisMail"/>
  <testcase name="dusuk_karakterli_sifre" time="15.996" classname="MainNabiz.NabizFramework.GirisYapDusukKarakterliSifre"/>
  <testcase name="standart_giris" time="29.695" classname="MainNabiz.NabizFramework.GirisYapStandartGiris"/>
</testsuite> <!-- TestGiris -->
