<?xml version="1.0" encoding="UTF-8"?>
<testsuite xmlns:xsi="http://www.w3.org/2001/XMLSchema-instance" xsi:noNamespaceSchemaLocation="https://maven.apache.org/surefire/maven-surefire-plugin/xsd/surefire-test-report-3.0.xsd" version="3.0" name="TestSuite" time="778.919" tests="21" errors="0" skipped="0" failures="1">
  <properties>
[...]
</properties>
  <testcase name="facebookla_gir" classname="MainNabiz.NabizFramework.GirisYapFacebook" time="16.317"/>
  <testcase name="twitterla_gir" classname="MainNabiz.NabizFramework.GirisYapTwitter" time="25.995"/>
  <testcase name="google_ile_Gir" classname="MainNabiz.NabizFramework.GirisYapGoogle" time="21.879"/>
  <testcase name="no_input_Giris" classname="MainNabiz.NabizFramework.GirisYapNoInput" time="10.304"/>
  <testcase name="yanlis_sifre" classname="MainNabiz.NabizFramework.GirisYapYanlisSifre" time="16.447"/>
  <testcase name="yanlis_mail" classname="MainNabiz.NabizFramework.GirisYapYanlisMail" time="19.462"/>
  <testcase name="dusuk_karakterli_sifre" classname="MainNabiz.NabizFramework.GirisYapDusukKarakterliSifre" time="15.995"/>
  <testcase name="standart_giris" classname="MainNabiz.NabizFramework.GirisYapStandartGiris" time="29.696"/>
  <testcase name="kaynaklari_Duzenle" classname="MainNabiz.NabizFramework.ProfilKaynakEkle" time="18.385"/>
  <testcase name="kaynaklari_Duzenle" classname="MainNabiz.NabizFramework.ProfilKaynakCikar" time="18.64"/>
  <testcase name="gece_modu" classname="MainNabiz.NabizFramework.ProfilGeceModu" time="7.821"/>
  <testcase name="favorilere_ekle" classname="MainNabiz.NabizFramework.FavoriHaberEkle" time="18.605"/>
  <testcase name="favorilerden_cikar" classname="MainNabiz.NabizFramework.FavoriHaberCikar" time="12.601"/>
  <testcase name="yorum_ekle_sil" classname="MainNabiz.NabizFramework.YorumEkleSil" time="24.805"/>
  <testcase name="baslik_boyutu_ayarla" classname="MainNabiz.NabizFramework.BaslıkBoyutuAyarla" time="7.093"/>
  <testcase name="facebook_sayfasi" classname="MainNabiz.NabizFramework.FacebookSayfamiz" time="16.858"/>
  <testcase name="twitter_sayfasi" classname="MainNabiz.NabizFramework.TwitterSayfamiz" time="15.687"/>
  <testcase name="instagram_sayfasi" classname="MainNabiz.NabizFramework.InstagramSayfamiz" time="15.146"/>
  <testcase name="arama_yap" classname="MainNabiz.NabizFramework.AramaYapma" time="13.439"/>
  <testcase name="nabiz_dergileri_kontrol_et" classname="MainNabiz.NabizFramework.NabizDergileriKontrol" time="14.922"/>
  <testcase name="kaynak_oner" classname="MainNabiz.NabizFramework.KaynakOnerme" time="27.222">
    <failure message="Can&apos;t locate an element by this strategy: By.chained({By.id: com.waveline.nabiz:id/source_edit_field})" type="org.openqa.selenium.NoSuchElementException">org.openqa.selenium.NoSuchElementException: Can't locate an element by this strategy: By.chained({By.id: com.waveline.nabiz:id/source_edit_field})
	at MainNabiz.NabizFramework.KaynakOnerme.kaynak_oner(KaynakOnerme.java:28)
Caused by: org.openqa.selenium.TimeoutException: Expected condition failed: waiting for io.appium.java_client.pagefactory.AppiumElementLocator$WaitingFunction@22ead351 (tried for 1 second(s) with 500 milliseconds interval)
	at MainNabiz.NabizFramework.KaynakOnerme.kaynak_oner(KaynakOnerme.java:28)
Caused by: org.openqa.selenium.NoSuchElementException: 
Cannot locate an element using By.chained({By.id: com.waveline.nabiz:id/source_edit_field})
For documentation on this error, please visit: https://www.seleniumhq.org/exceptions/no_such_element.html
Build info: version: '3.141.59', revision: 'e82be7d358', time: '2018-11-14T08:17:03'
System info: host: 'DESKTOP-J08TL4P', ip: '192.168.1.104', os.name: 'Windows 10', os.arch: 'amd64', os.version: '10.0', java.version: '1.8.0_231'
Driver info: driver.version: AndroidDriver
	at MainNabiz.NabizFramework.KaynakOnerme.kaynak_oner(KaynakOnerme.java:28)
</failure>
    <system-out><![CDATA[&amp#27;[35m[HTTP]&amp#27;[39m &amp#27;[37m<-- GET /wd/hub/session/fcf24429-832b-4a92-a136-60b2d4f736d0/element/d5dcde29-7dd3-486e-83bc-a03098abe1cc/text &amp#27;[39m&amp#27;[32m200&amp#27;[39m &amp#27;[90m26 ms - 75&amp#27;[39m
&amp#27;[35m[HTTP]&amp#27;[39m &amp#27;[90m&amp#27;[39m
&amp#27;[35m[Appium]&amp#27;[39m Welcome to Appium v1.19.1
&amp#27;[35m[Appium]&amp#27;[39m Appium REST http interface listener started on 0.0.0.0:4723
&amp#27;[35m[HTTP]&amp#27;[39m &amp#27;[37m-->&amp#27;[39m &amp#27;[37mGET&amp#27;[39m &amp#27;[37m/wd/hub/status&amp#27;[39m
&amp#27;[35m[HTTP]&amp#27;[39m &amp#27;[90m{}&amp#27;[39m
[debug] &amp#27;[35m[GENERIC]&amp#27;[39m Calling AppiumDriver.getStatus() with args: []
[debug] &amp#27;[35m[GENERIC]&amp#27;[39m Responding to client with driver.getStatus() result: {"build":{"version":"1.19.1"}}
&amp#27;[35m[HTTP]&amp#27;[39m &amp#27;[37m<-- GET /wd/hub/status &amp#27;[39m&amp#27;[32m200&amp#27;[39m &amp#27;[90m8 ms - 68&amp#27;[39m
&amp#27;[35m[HTTP]&amp#27;[39m &amp#27;[90m&amp#27;[39m
&amp#27;[35m[HTTP]&amp#27;[39m &amp#27;[37m-->&amp#27;[39m &amp#27;[37mPOST&amp#27;[39m &amp#27;[37m/wd/hub/session&amp#27;[39m
&amp#27;[35m[HTTP]&amp#27;[39m &amp#27;[90m{"desiredCapabilities":{"app":"C:\\Users\\Emre\\eclipse-workspace\\NabizFramework\\src\\com.waveline.nabiz.60.apk","noReset":true,"newCommandTimeout":25,"appWaitActivity":"com.waveline.*","automationName":"uiautomator2","platformName":"Android","deviceName":"MiTelefon"},"capabilities":{"firstMatch":[{"appium:app":"C:\\Users\\Emre\\eclipse-workspace\\NabizFramework\\src\\com.waveline.nabiz.60.apk","appium:appWaitActivity":"com.waveline.*","appium:automationName":"uiautomator2","appium:deviceName":"MiTelefon","appium:newCommandTimeout":25,"appium:noReset":true,"platformName":"android"}]}}&amp#27;[39m
[debug] &amp#27;[35m[W3C]&amp#27;[39m Calling AppiumDriver.createSession() with args: [{"app":"C:\\Users\\Emre\\eclipse-workspace\\NabizFramework\\src\\com.waveline.nabiz.60.apk","noReset":true,"newCommandTimeout":25,"appWaitActivity":"com.waveline.*","automationName":"uiautomator2","platformName":"Android","deviceName":"MiTelefon"},null,{"firstMatch":[{"appium:app":"C:\\Users\\Emre\\eclipse-workspace\\NabizFramework\\src\\com.waveline.nabiz.60.apk","appium:appWaitActivity":"com.waveline.*","appium:automationName":"uiautomator2","appium:deviceName":"MiTelefon","appium:newCommandTimeout":25,"appium:noReset":true,"platformName":"android"}]}]
[debug] &amp#27;[35m[BaseDriver]&amp#27;[39m Event 'newSessionRequested' logged at 1611027216349 (06:33:36 GMT+0300 (GMT+03:00))
&amp#27;[35m[Appium]&amp#27;[39m Appium v1.19.1 creating new AndroidUiautomator2Driver (v1.59.0) session
[debug] &amp#27;[35m[BaseDriver]&amp#27;[39m W3C capabilities and MJSONWP desired capabilities were provided
[debug] &amp#27;[35m[BaseDriver]&amp#27;[39m Creating session with W3C capabilities: {
[debug] &amp#27;[35m[BaseDriver]&amp#27;[39m   "alwaysMatch": {
[debug] &amp#27;[35m[BaseDriver]&amp#27;[39m     "platformName": "android",
[debug] &amp#27;[35m[BaseDriver]&amp#27;[39m     "appium:app": "C:\\Users\\Emre\\eclipse-workspace\\NabizFramework\\src\\com.waveline.nabiz.60.apk",
[debug] &amp#27;[35m[BaseDriver]&amp#27;[39m     "appium:appWaitActivity": "com.waveline.*",
[debug] &amp#27;[35m[BaseDriver]&amp#27;[39m     "appium:automationName": "uiautomator2",
[debug] &amp#27;[35m[BaseDriver]&amp#27;[39m     "appium:deviceName": "MiTelefon",
[debug] &amp#27;[35m[BaseDriver]&amp#27;[39m     "appium:newCommandTimeout": 25,
[debug] &amp#27;[35m[BaseDriver]&amp#27;[39m     "appium:noReset": true
[debug] &amp#27;[35m[BaseDriver]&amp#27;[39m   },
[debug] &amp#27;[35m[BaseDriver]&amp#27;[39m   "firstMatch": [
[debug] &amp#27;[35m[BaseDriver]&amp#27;[39m     {}
[debug] &amp#27;[35m[BaseDriver]&amp#27;[39m   ]
[debug] &amp#27;[35m[BaseDriver]&amp#27;[39m }
&amp#27;[35m[BaseDriver]&amp#27;[39m Session created with session id: d6cffb9e-23b9-42dd-ac39-3fd2c2555e42
&amp#27;[35m[BaseDriver]&amp#27;[39m Using local app 'C:\Users\Emre\eclipse-workspace\NabizFramework\src\com.waveline.nabiz.60.apk'
[debug] &amp#27;[35m[UiAutomator2]&amp#27;[39m Checking whether app is actually present
&amp#27;[35m[ADB]&amp#27;[39m Found 1 'build-tools' folders under 'C:\Users\Emre\AppData\Local\Android\Sdk' (newest first):
&amp#27;[35m[ADB]&amp#27;[39m     C:/Users/Emre/AppData/Local/Android/Sdk/build-tools/30.0.2
&amp#27;[35m[ADB]&amp#27;[39m Using 'adb.exe' from 'C:\Users\Emre\AppData\Local\Android\Sdk\platform-tools\adb.exe'
[debug] &amp#27;[35m[ADB]&amp#27;[39m Running 'C:\Users\Emre\AppData\Local\Android\Sdk\platform-tools\adb.exe -P 5037 start-server'
&amp#27;[35m[AndroidDriver]&amp#27;[39m Retrieving device list
[debug] &amp#27;[35m[ADB]&amp#27;[39m Trying to find a connected android device
[debug] &amp#27;[35m[ADB]&amp#27;[39m Getting connected devices
[debug] &amp#27;[35m[ADB]&amp#27;[39m Connected devices: [{"udid":"d474e7a0","state":"device"}]
&amp#27;[35m[AndroidDriver]&amp#27;[39m Using device: d474e7a0
&amp#27;[35m[ADB]&amp#27;[39m Using 'adb.exe' from 'C:\Users\Emre\AppData\Local\Android\Sdk\platform-tools\adb.exe'
[debug] &amp#27;[35m[ADB]&amp#27;[39m Running 'C:\Users\Emre\AppData\Local\Android\Sdk\platform-tools\adb.exe -P 5037 start-server'
[debug] &amp#27;[35m[ADB]&amp#27;[39m Setting device id to d474e7a0
[debug] &amp#27;[35m[ADB]&amp#27;[39m Running 'C:\Users\Emre\AppData\Local\Android\Sdk\platform-tools\adb.exe -P 5037 -s d474e7a0 shell getprop ro.build.version.sdk'
[debug] &amp#27;[35m[ADB]&amp#27;[39m Current device property 'ro.build.version.sdk': 26
[debug] &amp#27;[35m[ADB]&amp#27;[39m Device API level: 26
[debug] &amp#27;[35m[AndroidDriver]&amp#27;[39m Parsing package and activity from app manifest
&amp#27;[35m[ADB]&amp#27;[39m Package name: 'com.waveline.nabiz'
&amp#27;[35m[ADB]&amp#27;[39m Main activity name: 'com.waveline.nabd.StartActivity'
[debug] &amp#27;[35m[AndroidDriver]&amp#27;[39m Parsed package and activity are: com.waveline.nabiz/com.waveline.nabd.StartActivity
[debug] &amp#27;[35m[ADB]&amp#27;[39m Running 'C:\Users\Emre\AppData\Local\Android\Sdk\platform-tools\adb.exe -P 5037 -s d474e7a0 wait-for-device'
[debug] &amp#27;[35m[ADB]&amp#27;[39m Running 'C:\Users\Emre\AppData\Local\Android\Sdk\platform-tools\adb.exe -P 5037 -s d474e7a0 shell echo ping'
[debug] &amp#27;[35m[AndroidDriver]&amp#27;[39m Pushing settings apk to device...
[debug] &amp#27;[35m[ADB]&amp#27;[39m Getting install status for io.appium.settings
[debug] &amp#27;[35m[ADB]&amp#27;[39m Running 'C:\Users\Emre\AppData\Local\Android\Sdk\platform-tools\adb.exe -P 5037 -s d474e7a0 shell dumpsys package io.appium.settings'
[debug] &amp#27;[35m[ADB]&amp#27;[39m 'io.appium.settings' is installed
[debug] &amp#27;[35m[ADB]&amp#27;[39m Getting package info for 'io.appium.settings'
[debug] &amp#27;[35m[ADB]&amp#27;[39m Running 'C:\Users\Emre\AppData\Local\Android\Sdk\platform-tools\adb.exe -P 5037 -s d474e7a0 shell dumpsys package io.appium.settings'
[debug] &amp#27;[35m[ADB]&amp#27;[39m The version name of the installed 'io.appium.settings' is greater or equal to the application version name ('3.2.1' >= '3.2.1')
[debug] &amp#27;[35m[ADB]&amp#27;[39m There is no need to install/upgrade 'C:\Users\Emre\AppData\Roaming\npm\node_modules\appium\node_modules\io.appium.settings\apks\settings_apk-debug.apk'
[debug] &amp#27;[35m[ADB]&amp#27;[39m Getting IDs of all 'io.appium.settings' processes
[debug] &amp#27;[35m[ADB]&amp#27;[39m Running 'C:\Users\Emre\AppData\Local\Android\Sdk\platform-tools\adb.exe -P 5037 -s d474e7a0 shell 'pgrep --help; echo $?''
[debug] &amp#27;[35m[ADB]&amp#27;[39m Running 'C:\Users\Emre\AppData\Local\Android\Sdk\platform-tools\adb.exe -P 5037 -s d474e7a0 shell 'pgrep ^appium\\.settings$ || pgrep ^io\\.appium\\.setti$''
[debug] &amp#27;[35m[AndroidDriver]&amp#27;[39m io.appium.settings is already running. There is no need to reset its permissions.
[debug] &amp#27;[35m[ADB]&amp#27;[39m Running 'C:\Users\Emre\AppData\Local\Android\Sdk\platform-tools\adb.exe -P 5037 -s d474e7a0 shell appops set io.appium.settings android:mock_location allow'
[debug] &amp#27;[35m[Logcat]&amp#27;[39m Starting logs capture with command: C:\\Users\\Emre\\AppData\\Local\\Android\\Sdk\\platform-tools\\adb.exe -P 5037 -s d474e7a0 logcat -v threadtime
[debug] &amp#27;[35m[UiAutomator2]&amp#27;[39m Forwarding UiAutomator2 Server port 6790 to local port 8268
[debug] &amp#27;[35m[ADB]&amp#27;[39m Forwarding system: 8268 to device: 6790
[debug] &amp#27;[35m[ADB]&amp#27;[39m Running 'C:\Users\Emre\AppData\Local\Android\Sdk\platform-tools\adb.exe -P 5037 -s d474e7a0 forward tcp:8268 tcp:6790'
[debug] &amp#27;[35m[ADB]&amp#27;[39m Getting install status for io.appium.uiautomator2.server
[debug] &amp#27;[35m[ADB]&amp#27;[39m Running 'C:\Users\Emre\AppData\Local\Android\Sdk\platform-tools\adb.exe -P 5037 -s d474e7a0 shell dumpsys package io.appium.uiautomator2.server'
[debug] &amp#27;[35m[ADB]&amp#27;[39m 'io.appium.uiautomator2.server' is installed
[debug] &amp#27;[35m[ADB]&amp#27;[39m Getting package info for 'io.appium.uiautomator2.server'
[debug] &amp#27;[35m[ADB]&amp#27;[39m Running 'C:\Users\Emre\AppData\Local\Android\Sdk\platform-tools\adb.exe -P 5037 -s d474e7a0 shell dumpsys package io.appium.uiautomator2.server'
[debug] &amp#27;[35m[ADB]&amp#27;[39m The version name of the installed 'io.appium.uiautomator2.server' is greater or equal to the application version name ('4.15.0' >= '4.15.0')
[debug] &amp#27;[35m[UiAutomator2]&amp#27;[39m io.appium.uiautomator2.server installation state: sameVersionInstalled
[debug] &amp#27;[35m[ADB]&amp#27;[39m Checking app cert for C:\Users\Emre\AppData\Roaming\npm\node_modules\appium\node_modules\appium-uiautomator2-server\apks\appium-uiautomator2-server-v4.15.0.apk
&amp#27;[35m[ADB]&amp#27;[39m Using 'apksigner.jar' from 'C:\Users\Emre\AppData\Local\Android\Sdk\build-tools\30.0.2\lib\apksigner.jar'
[debug] &amp#27;[35m[ADB]&amp#27;[39m Starting apksigner: 'C:\\Program Files\\Java\\jdk1.8.0_231\\bin\\java.exe' -Xmx1024M -Xss1m -jar C:\\Users\\Emre\\AppData\\Local\\Android\\Sdk\\build-tools\\30.0.2\\lib\\apksigner.jar verify --print-certs C:\\Users\\Emre\\AppData\\Roaming\\npm\\node_modules\\appium\\node_modules\\appium-uiautomator2-server\\apks\\appium-uiautomator2-server-v4.15.0.apk
[debug] &amp#27;[35m[ADB]&amp#27;[39m apksigner stdout: Signer #1 certificate DN: EMAILADDRESS=android@android.com, CN=Android, OU=Android, O=Android, L=Mountain View, ST=California, C=US
[debug] &amp#27;[35m[ADB]&amp#27;[39m Signer #1 certificate SHA-256 digest: a40da80a59d170caa950cf15c18c454d47a39b26989d8b640ecd745ba71bf5dc
[debug] &amp#27;[35m[ADB]&amp#27;[39m Signer #1 certificate SHA-1 digest: 61ed377e85d386a8dfee6b864bd85b0bfaa5af81
[debug] &amp#27;[35m[ADB]&amp#27;[39m Signer #1 certificate MD5 digest: e89b158e4bcf988ebd09eb83f5378e87
[debug] &amp#27;[35m[ADB]&amp#27;[39m 
[debug] &amp#27;[35m[ADB]&amp#27;[39m sha256 hash did match for 'appium-uiautomator2-server-v4.15.0.apk'
&amp#27;[35m[ADB]&amp#27;[39m 'C:\Users\Emre\AppData\Roaming\npm\node_modules\appium\node_modules\appium-uiautomator2-server\apks\appium-uiautomator2-server-v4.15.0.apk' is signed with the default certificate
[debug] &amp#27;[35m[ADB]&amp#27;[39m Getting install status for io.appium.uiautomator2.server.test
[debug] &amp#27;[35m[ADB]&amp#27;[39m Running 'C:\Users\Emre\AppData\Local\Android\Sdk\platform-tools\adb.exe -P 5037 -s d474e7a0 shell dumpsys package io.appium.uiautomator2.server.test'
[debug] &amp#27;[35m[ADB]&amp#27;[39m 'io.appium.uiautomator2.server.test' is installed
[debug] &amp#27;[35m[ADB]&amp#27;[39m Checking app cert for C:\Users\Emre\AppData\Roaming\npm\node_modules\appium\node_modules\appium-uiautomator2-server\apks\appium-uiautomator2-server-debug-androidTest.apk
[debug] &amp#27;[35m[ADB]&amp#27;[39m Starting apksigner: 'C:\\Program Files\\Java\\jdk1.8.0_231\\bin\\java.exe' -Xmx1024M -Xss1m -jar C:\\Users\\Emre\\AppData\\Local\\Android\\Sdk\\build-tools\\30.0.2\\lib\\apksigner.jar verify --print-certs C:\\Users\\Emre\\AppData\\Roaming\\npm\\node_modules\\appium\\node_modules\\appium-uiautomator2-server\\apks\\appium-uiautomator2-server-debug-androidTest.apk
[debug] &amp#27;[35m[ADB]&amp#27;[39m apksigner stdout: Signer #1 certificate DN: EMAILADDRESS=android@android.com, CN=Android, OU=Android, O=Android, L=Mountain View, ST=California, C=US
[debug] &amp#27;[35m[ADB]&amp#27;[39m Signer #1 certificate SHA-256 digest: a40da80a59d170caa950cf15c18c454d47a39b26989d8b640ecd745ba71bf5dc
[debug] &amp#27;[35m[ADB]&amp#27;[39m Signer #1 certificate SHA-1 digest: 61ed377e85d386a8dfee6b864bd85b0bfaa5af81
[debug] &amp#27;[35m[ADB]&amp#27;[39m Signer #1 certificate MD5 digest: e89b158e4bcf988ebd09eb83f5378e87
[debug] &amp#27;[35m[ADB]&amp#27;[39m 
[debug] &amp#27;[35m[ADB]&amp#27;[39m sha256 hash did match for 'appium-uiautomator2-server-debug-androidTest.apk'
&amp#27;[35m[ADB]&amp#27;[39m 'C:\Users\Emre\AppData\Roaming\npm\node_modules\appium\node_modules\appium-uiautomator2-server\apks\appium-uiautomator2-server-debug-androidTest.apk' is signed with the default certificate
&amp#27;[35m[UiAutomator2]&amp#27;[39m Server packages are not going to be (re)installed
[debug] &amp#27;[35m[UiAutomator2]&amp#27;[39m Waiting up to 30000ms for services to be available
[debug] &amp#27;[35m[ADB]&amp#27;[39m Running 'C:\Users\Emre\AppData\Local\Android\Sdk\platform-tools\adb.exe -P 5037 -s d474e7a0 shell pm list instrumentation'
[debug] &amp#27;[35m[UiAutomator2]&amp#27;[39m Instrumentation target 'io.appium.uiautomator2.server.test/androidx.test.runner.AndroidJUnitRunner' is available
[debug] &amp#27;[35m[ADB]&amp#27;[39m Checking app cert for C:\Users\Emre\eclipse-workspace\NabizFramework\src\com.waveline.nabiz.60.apk
[debug] &amp#27;[35m[ADB]&amp#27;[39m Starting apksigner: 'C:\\Program Files\\Java\\jdk1.8.0_231\\bin\\java.exe' -Xmx1024M -Xss1m -jar C:\\Users\\Emre\\AppData\\Local\\Android\\Sdk\\build-tools\\30.0.2\\lib\\apksigner.jar verify --print-certs C:\\Users\\Emre\\eclipse-workspace\\NabizFramework\\src\\com.waveline.nabiz.60.apk
[debug] &amp#27;[35m[ADB]&amp#27;[39m apksigner stdout: Signer #1 certificate DN: CN=Abdur-Rahman El-Sayed, OU=Business Development, O=Yabila.com, L=Kuwait City, ST=Kuwait, C=KW
[debug] &amp#27;[35m[ADB]&amp#27;[39m Signer #1 certificate SHA-256 digest: 04ca49fc6949d53861c9009655f3d424853bd4dbbc3426529aab6f80d8fb502d
[debug] &amp#27;[35m[ADB]&amp#27;[39m Signer #1 certificate SHA-1 digest: a42144d4aeb27c95608d82e45334806466e9e114
[debug] &amp#27;[35m[ADB]&amp#27;[39m Signer #1 certificate MD5 digest: 86f8d3bc0a4e760b667dc620af7938ca
[debug] &amp#27;[35m[ADB]&amp#27;[39m 
&amp#27;[35m[ADB]&amp#27;[39m 'C:\Users\Emre\eclipse-workspace\NabizFramework\src\com.waveline.nabiz.60.apk' is signed with a non-default certificate
[debug] &amp#27;[35m[ADB]&amp#27;[39m Getting install status for com.waveline.nabiz
[debug] &amp#27;[35m[ADB]&amp#27;[39m Running 'C:\Users\Emre\AppData\Local\Android\Sdk\platform-tools\adb.exe -P 5037 -s d474e7a0 shell dumpsys package com.waveline.nabiz'
[debug] &amp#27;[35m[ADB]&amp#27;[39m 'com.waveline.nabiz' is installed
[debug] &amp#27;[35m[ADB]&amp#27;[39m Getting package info for 'com.waveline.nabiz'
[debug] &amp#27;[35m[ADB]&amp#27;[39m Running 'C:\Users\Emre\AppData\Local\Android\Sdk\platform-tools\adb.exe -P 5037 -s d474e7a0 shell dumpsys package com.waveline.nabiz'
[debug] &amp#27;[35m[ADB]&amp#27;[39m The version name of the installed 'com.waveline.nabiz' is greater or equal to the application version name ('4.0.0' >= '4.0.0')
[debug] &amp#27;[35m[ADB]&amp#27;[39m There is no need to install/upgrade 'C:\Users\Emre\eclipse-workspace\NabizFramework\src\com.waveline.nabiz.60.apk'
[debug] &amp#27;[35m[UiAutomator2]&amp#27;[39m Performing shallow cleanup of automation leftovers
[debug] &amp#27;[35m[UiAutomator2]&amp#27;[39m The following obsolete sessions are still running: [null]
[debug] &amp#27;[35m[UiAutomator2]&amp#27;[39m Cleaning up the obsolete sessions
[debug] &amp#27;[35m[ADB]&amp#27;[39m Running 'C:\Users\Emre\AppData\Local\Android\Sdk\platform-tools\adb.exe -P 5037 -s d474e7a0 shell am force-stop io.appium.uiautomator2.server.test'
&amp#27;[35m[UiAutomator2]&amp#27;[39m Starting UIAutomator2 server 4.15.0
&amp#27;[35m[UiAutomator2]&amp#27;[39m Using UIAutomator2 server from 'C:\Users\Emre\AppData\Roaming\npm\node_modules\appium\node_modules\appium-uiautomator2-server\apks\appium-uiautomator2-server-v4.15.0.apk' and test from 'C:\Users\Emre\AppData\Roaming\npm\node_modules\appium\node_modules\appium-uiautomator2-server\apks\appium-uiautomator2-server-debug-androidTest.apk'
&amp#27;[35m[UiAutomator2]&amp#27;[39m Waiting up to 30000ms for UiAutomator2 to be online...
[debug] &amp#27;[35m[ADB]&amp#27;[39m Creating ADB subprocess with args: ["-P",5037,"-s","d474e7a0","shell","am","instrument","-w","io.appium.uiautomator2.server.test/androidx.test.runner.AndroidJUnitRunner"]
[debug] &amp#27;[35m[WD Proxy]&amp#27;[39m Matched '/status' to command name 'getStatus'
[debug] &amp#27;[35m[WD Proxy]&amp#27;[39m Proxying [GET /status] to [GET http://127.0.0.1:8268/wd/hub/status] with no body
&amp#27;[35m[WD Proxy]&amp#27;[39m socket hang up
[debug] &amp#27;[35m[Instrumentation]&amp#27;[39m io.appium.uiautomator2.server.test.AppiumUiAutomator2Server:
[debug] &amp#27;[35m[WD Proxy]&amp#27;[39m Matched '/status' to command name 'getStatus'
[debug] &amp#27;[35m[WD Proxy]&amp#27;[39m Proxying [GET /status] to [GET http://127.0.0.1:8268/wd/hub/status] with no body
&amp#27;[35m[WD Proxy]&amp#27;[39m socket hang up
[debug] &amp#27;[35m[WD Proxy]&amp#27;[39m Matched '/status' to command name 'getStatus'
[debug] &amp#27;[35m[WD Proxy]&amp#27;[39m Proxying [GET /status] to [GET http://127.0.0.1:8268/wd/hub/status] with no body
&amp#27;[35m[WD Proxy]&amp#27;[39m socket hang up
[debug] &amp#27;[35m[WD Proxy]&amp#27;[39m Matched '/status' to command name 'getStatus'
[debug] &amp#27;[35m[WD Proxy]&amp#27;[39m Proxying [GET /status] to [GET http://127.0.0.1:8268/wd/hub/status] with no body
[debug] &amp#27;[35m[WD Proxy]&amp#27;[39m Got response with status 200: {"sessionId":"None","value":{"message":"UiAutomator2 Server is ready to accept commands","ready":true}}
[debug] &amp#27;[35m[UiAutomator2]&amp#27;[39m The initialization of the instrumentation process took 4245ms
[debug] &amp#27;[35m[WD Proxy]&amp#27;[39m Matched '/session' to command name 'createSession'
[debug] &amp#27;[35m[WD Proxy]&amp#27;[39m Proxying [POST /session] to [POST http://127.0.0.1:8268/wd/hub/session] with body: {"capabilities":{"firstMatch":[{"platform":"LINUX","webStorageEnabled":false,"takesScreenshot":true,"javascriptEnabled":true,"databaseEnabled":false,"networkConnectionEnabled":true,"locationContextEnabled":false,"warnings":{},"desired":{"platformName":"android","app":"C:\\Users\\Emre\\eclipse-workspace\\NabizFramework\\src\\com.waveline.nabiz.60.apk","appWaitActivity":"com.waveline.*","automationName":"uiautomator2","deviceName":"MiTelefon","newCommandTimeout":25,"noReset":true},"platformName":"android","app":"C:\\Users\\Emre\\eclipse-workspace\\NabizFramework\\src\\com.waveline.nabiz.60.apk","appWaitActivity":"com.waveline.*","automationName":"uiautomator2","deviceName":"d474e7a0","newCommandTimeout":25,"noReset":true,"deviceUDID":"d474e7a0","appPackage":"com.waveline.nabiz"}],"alwaysMatch":{}}}
[debug] &amp#27;[35m[WD Proxy]&amp#27;[39m Got response with status 200: {"sessionId":"585bd575-2105-4d52-b8cf-94a6243df4e0","value":{"capabilities":{"firstMatch":[{"platform":"LINUX","webStorageEnabled":false,"takesScreenshot":true,"javascriptEnabled":true,"databaseEnabled":false,"networkConnectionEnabled":true,"locationContextEnabled":false,"warnings":{},"desired":{"platformName":"android","app":"C:\\Users\\Emre\\eclipse-workspace\\NabizFramework\\src\\com.waveline.nabiz.60.apk","appWaitActivity":"com.waveline.*","automationName":"uiautomator2","deviceName":"MiTelefon","newCommandTimeout":25,"noReset":true},"platformName":"android","app":"C:\\Users\\Emre\\eclipse-workspace\\NabizFramework\\src\\com.waveline.nabiz.60.apk","appWaitActivity":"com.waveline.*","automationName":"uiautomator2","deviceName":"d474e7a0","newCommandTimeout":25,"noReset":true,"deviceUDID":"d474e7a0","appPackage":"com.waveline.nabiz"}],"alwaysMatch":{}},"sessionId":"585bd575-2105-4d52-b8cf-94a6243df4e0"}}
&amp#27;[35m[WD Proxy]&amp#27;[39m Determined the downstream protocol as 'W3C'
[debug] &amp#27;[35m[WD Proxy]&amp#27;[39m Proxying [GET /appium/device/info] to [GET http://127.0.0.1:8268/wd/hub/session/585bd575-2105-4d52-b8cf-94a6243df4e0/appium/device/info] with no body
[debug] &amp#27;[35m[WD Proxy]&amp#27;[39m Got response with status 200: {"sessionId":"585bd575-2105-4d52-b8cf-94a6243df4e0","value":{"androidId":"c31c99ce84349abe","apiVersion":"26","bluetooth":{"state":"OFF"},"brand":"Xiaomi","carrierName":"Turkcell","displayDensity":480,"locale":"tr_TR","manufacturer":"Xiaomi","model":"MI 5s","networks":[{"capabilities":{"SSID":null,"linkDownBandwidthKbps":102400,"linkUpstreamBandwidthKbps":51200,"networkCapabilities":"NET_CAPABILITY_SUPL,NET_CAPABILITY_INTERNET,NET_CAPABILITY_NOT_RESTRICTED,NET_CAPABILITY_TRUSTED,NET_CAPABILITY_NOT_VPN,NET_CAPABILITY_VALIDATED,NET_CAPABILITY_NOT_ROAMING","signalStrength":-2147483648,"transportTypes":"TRANSPORT_CELLULAR"},"detailedState":"CONNECTED","extraInfo":"internet","isAvailable":true,"isConnected":true,"isFailover":false,"isRoaming":false,"state":"CONNECTED","subtype":13,"subtypeName":"LTE","type":0,"typeName":"MOBILE"}],"platformVersion":"8.0.0","realDisplaySize":"1080x1920","timeZone":"Europe/Istanbul"}}
[debug] &amp#27;[35m[ADB]&amp#27;[39m Running 'C:\Users\Emre\AppData\Local\Android\Sdk\platform-tools\adb.exe -P 5037 -s d474e7a0 shell dumpsys window'
&amp#27;[35m[AndroidDriver]&amp#27;[39m Screen already unlocked, doing nothing
&amp#27;[35m[UiAutomator2]&amp#27;[39m Starting 'com.waveline.nabiz/com.waveline.nabd.StartActivity and waiting for 'com.waveline.nabiz/com.waveline.*'
[debug] &amp#27;[35m[ADB]&amp#27;[39m Running 'C:\Users\Emre\AppData\Local\Android\Sdk\platform-tools\adb.exe -P 5037 -s d474e7a0 shell am start -W -n com.waveline.nabiz/com.waveline.nabd.StartActivity -S -a android.intent.action.MAIN -c android.intent.category.LAUNCHER -f 0x10200000'
[debug] &amp#27;[35m[ADB]&amp#27;[39m Waiting up to 20000ms for activity matching pkg: 'com.waveline.nabiz' and activity: 'com.waveline.*' to be focused
[debug] &amp#27;[35m[ADB]&amp#27;[39m Possible activities, to be checked: 'com.waveline.*', 'com.waveline.nabiz.com.waveline.*'
[debug] &amp#27;[35m[ADB]&amp#27;[39m Getting focused package and activity
[debug] &amp#27;[35m[ADB]&amp#27;[39m Running 'C:\Users\Emre\AppData\Local\Android\Sdk\platform-tools\adb.exe -P 5037 -s d474e7a0 shell dumpsys window windows'
[debug] &amp#27;[35m[ADB]&amp#27;[39m Found package: 'com.waveline.nabiz' and fully qualified activity name : 'com.waveline.nabd.SlidingMenuManagerActivity'
[debug] &amp#27;[35m[WD Proxy]&amp#27;[39m Proxying [GET /appium/device/pixel_ratio] to [GET http://127.0.0.1:8268/wd/hub/session/585bd575-2105-4d52-b8cf-94a6243df4e0/appium/device/pixel_ratio] with no body
[debug] &amp#27;[35m[WD Proxy]&amp#27;[39m Got response with status 200: {"sessionId":"585bd575-2105-4d52-b8cf-94a6243df4e0","value":3}
[debug] &amp#27;[35m[WD Proxy]&amp#27;[39m Matched '/appium/device/system_bars' to command name 'getSystemBars'
[debug] &amp#27;[35m[WD Proxy]&amp#27;[39m Proxying [GET /appium/device/system_bars] to [GET http://127.0.0.1:8268/wd/hub/session/585bd575-2105-4d52-b8cf-94a6243df4e0/appium/device/system_bars] with no body
[debug] &amp#27;[35m[WD Proxy]&amp#27;[39m Got response with status 200: {"sessionId":"585bd575-2105-4d52-b8cf-94a6243df4e0","value":{"statusBar":72}}
[debug] &amp#27;[35m[WD Proxy]&amp#27;[39m Matched '/window/current/size' to command name 'getWindowSize'
[debug] &amp#27;[35m[WD Proxy]&amp#27;[39m Proxying [GET /window/current/size] to [GET http://127.0.0.1:8268/wd/hub/session/585bd575-2105-4d52-b8cf-94a6243df4e0/window/current/size] with no body
[debug] &amp#27;[35m[WD Proxy]&amp#27;[39m Got response with status 200: {"sessionId":"585bd575-2105-4d52-b8cf-94a6243df4e0","value":{"height":1920,"width":1080}}
&amp#27;[35m[Appium]&amp#27;[39m New AndroidUiautomator2Driver session created successfully, session d6cffb9e-23b9-42dd-ac39-3fd2c2555e42 added to master session list
[debug] &amp#27;[35m[BaseDriver]&amp#27;[39m Event 'newSessionStarted' logged at 1611027230786 (06:33:50 GMT+0300 (GMT+03:00))
[debug] &amp#27;[35m[W3C (d6cffb9e)]&amp#27;[39m Cached the protocol value 'W3C' for the new session d6cffb9e-23b9-42dd-ac39-3fd2c2555e42
[debug] &amp#27;[35m[W3C (d6cffb9e)]&amp#27;[39m Responding to client with driver.createSession() result: {"capabilities":{"platform":"LINUX","webStorageEnabled":false,"takesScreenshot":true,"javascriptEnabled":true,"databaseEnabled":false,"networkConnectionEnabled":true,"locationContextEnabled":false,"warnings":{},"desired":{"platformName":"android","app":"C:\\Users\\Emre\\eclipse-workspace\\NabizFramework\\src\\com.waveline.nabiz.60.apk","appWaitActivity":"com.waveline.*","automationName":"uiautomator2","deviceName":"MiTelefon","newCommandTimeout":25,"noReset":true},"platformName":"android","app":"C:\\Users\\Emre\\eclipse-workspace\\NabizFramework\\src\\com.waveline.nabiz.60.apk","appWaitActivity":"com.waveline.*","automationName":"uiautomator2","deviceName":"d474e7a0","newCommandTimeout":25,"noReset":true,"deviceUDID":"d474e7a0","appPackage":"com.waveline.nabiz","deviceApiLevel":26,"platformVersion":"8.0.0","deviceScreenSize":"1080x1920","deviceScreenDensity":480,"deviceModel":"MI 5s","deviceManufacturer":"Xiaomi","pixelRatio":3,"statBarHeight":72,"viewportRect":{"left":0,"top":72,"width":1080,"height":1848}}}
&amp#27;[35m[HTTP]&amp#27;[39m &amp#27;[37m<-- POST /wd/hub/session &amp#27;[39m&amp#27;[32m200&amp#27;[39m &amp#27;[90m14442 ms - 1085&amp#27;[39m
&amp#27;[35m[HTTP]&amp#27;[39m &amp#27;[90m&amp#27;[39m
&amp#27;[35m[HTTP]&amp#27;[39m &amp#27;[37m-->&amp#27;[39m &amp#27;[37mGET&amp#27;[39m &amp#27;[37m/wd/hub/session/d6cffb9e-23b9-42dd-ac39-3fd2c2555e42&amp#27;[39m
&amp#27;[35m[HTTP]&amp#27;[39m &amp#27;[90m{}&amp#27;[39m
[debug] &amp#27;[35m[W3C (d6cffb9e)]&amp#27;[39m Calling AppiumDriver.getSession() with args: ["d6cffb9e-23b9-42dd-ac39-3fd2c2555e42"]
[debug] &amp#27;[35m[UiAutomator2]&amp#27;[39m Getting session details from server to mix in
[debug] &amp#27;[35m[WD Proxy]&amp#27;[39m Matched '/' to command name 'getSession'
[debug] &amp#27;[35m[WD Proxy]&amp#27;[39m Proxying [GET /] to [GET http://127.0.0.1:8268/wd/hub/session/585bd575-2105-4d52-b8cf-94a6243df4e0] with no body
[debug] &amp#27;[35m[WD Proxy]&amp#27;[39m Got response with status 200: {"sessionId":"585bd575-2105-4d52-b8cf-94a6243df4e0","value":{"lastScrollData":null}}
[debug] &amp#27;[35m[W3C (d6cffb9e)]&amp#27;[39m Responding to client with driver.getSession() result: {"platform":"LINUX","webStorageEnabled":false,"takesScreenshot":true,"javascriptEnabled":true,"databaseEnabled":false,"networkConnectionEnabled":true,"locationContextEnabled":false,"warnings":{},"desired":{"platformName":"android","app":"C:\\Users\\Emre\\eclipse-workspace\\NabizFramework\\src\\com.waveline.nabiz.60.apk","appWaitActivity":"com.waveline.*","automationName":"uiautomator2","deviceName":"MiTelefon","newCommandTimeout":25,"noReset":true},"platformName":"android","app":"C:\\Users\\Emre\\eclipse-workspace\\NabizFramework\\src\\com.waveline.nabiz.60.apk","appWaitActivity":"com.waveline.*","automationName":"uiautomator2","deviceName":"d474e7a0","newCommandTimeout":25,"noReset":true,"deviceUDID":"d474e7a0","appPackage":"com.waveline.nabiz","deviceApiLevel":26,"platformVersion":"8.0.0","deviceScreenSize":"1080x1920","deviceScreenDensity":480,"deviceModel":"MI 5s","deviceManufacturer":"Xiaomi","pixelRatio":3,"statBarHeight":72,"viewportRect":{"left":0,"top":72,"width":1080,"height":1848},"lastScrollDat...
&amp#27;[35m[HTTP]&amp#27;[39m &amp#27;[37m<-- GET /wd/hub/session/d6cffb9e-23b9-42dd-ac39-3fd2c2555e42 &amp#27;[39m&amp#27;[32m200&amp#27;[39m &amp#27;[90m26 ms - 1039&amp#27;[39m
&amp#27;[35m[HTTP]&amp#27;[39m &amp#27;[90m&amp#27;[39m
&amp#27;[35m[HTTP]&amp#27;[39m &amp#27;[37m-->&amp#27;[39m &amp#27;[37mGET&amp#27;[39m &amp#27;[37m/wd/hub/session/d6cffb9e-23b9-42dd-ac39-3fd2c2555e42&amp#27;[39m
&amp#27;[35m[HTTP]&amp#27;[39m &amp#27;[90m{}&amp#27;[39m
[debug] &amp#27;[35m[W3C (d6cffb9e)]&amp#27;[39m Calling AppiumDriver.getSession() with args: ["d6cffb9e-23b9-42dd-ac39-3fd2c2555e42"]
[debug] &amp#27;[35m[UiAutomator2]&amp#27;[39m Getting session details from server to mix in
[debug] &amp#27;[35m[WD Proxy]&amp#27;[39m Matched '/' to command name 'getSession'
[debug] &amp#27;[35m[WD Proxy]&amp#27;[39m Proxying [GET /] to [GET http://127.0.0.1:8268/wd/hub/session/585bd575-2105-4d52-b8cf-94a6243df4e0] with no body
[debug] &amp#27;[35m[WD Proxy]&amp#27;[39m Got response with status 200: {"sessionId":"585bd575-2105-4d52-b8cf-94a6243df4e0","value":{"lastScrollData":null}}
[debug] &amp#27;[35m[W3C (d6cffb9e)]&amp#27;[39m Responding to client with driver.getSession() result: {"platform":"LINUX","webStorageEnabled":false,"takesScreenshot":true,"javascriptEnabled":true,"databaseEnabled":false,"networkConnectionEnabled":true,"locationContextEnabled":false,"warnings":{},"desired":{"platformName":"android","app":"C:\\Users\\Emre\\eclipse-workspace\\NabizFramework\\src\\com.waveline.nabiz.60.apk","appWaitActivity":"com.waveline.*","automationName":"uiautomator2","deviceName":"MiTelefon","newCommandTimeout":25,"noReset":true},"platformName":"android","app":"C:\\Users\\Emre\\eclipse-workspace\\NabizFramework\\src\\com.waveline.nabiz.60.apk","appWaitActivity":"com.waveline.*","automationName":"uiautomator2","deviceName":"d474e7a0","newCommandTimeout":25,"noReset":true,"deviceUDID":"d474e7a0","appPackage":"com.waveline.nabiz","deviceApiLevel":26,"platformVersion":"8.0.0","deviceScreenSize":"1080x1920","deviceScreenDensity":480,"deviceModel":"MI 5s","deviceManufacturer":"Xiaomi","pixelRatio":3,"statBarHeight":72,"viewportRect":{"left":0,"top":72,"width":1080,"height":1848},"lastScrollDat...
&amp#27;[35m[HTTP]&amp#27;[39m &amp#27;[37m<-- GET /wd/hub/session/d6cffb9e-23b9-42dd-ac39-3fd2c2555e42 &amp#27;[39m&amp#27;[32m200&amp#27;[39m &amp#27;[90m24 ms - 1039&amp#27;[39m
&amp#27;[35m[HTTP]&amp#27;[39m &amp#27;[90m&amp#27;[39m
&amp#27;[35m[HTTP]&amp#27;[39m &amp#27;[37m-->&amp#27;[39m &amp#27;[37mPOST&amp#27;[39m &amp#27;[37m/wd/hub/session/d6cffb9e-23b9-42dd-ac39-3fd2c2555e42/timeouts&amp#27;[39m
&amp#27;[35m[HTTP]&amp#27;[39m &amp#27;[90m{"implicit":10000}&amp#27;[39m
[debug] &amp#27;[35m[W3C (d6cffb9e)]&amp#27;[39m Calling AppiumDriver.timeouts() with args: [null,null,null,null,10000,"d6cffb9e-23b9-42dd-ac39-3fd2c2555e42"]
[debug] &amp#27;[35m[BaseDriver]&amp#27;[39m W3C timeout argument: {"implicit":10000}}
[debug] &amp#27;[35m[BaseDriver]&amp#27;[39m Set implicit wait to 10000ms
[debug] &amp#27;[35m[W3C (d6cffb9e)]&amp#27;[39m Responding to client with driver.timeouts() result: null
&amp#27;[35m[HTTP]&amp#27;[39m &amp#27;[37m<-- POST /wd/hub/session/d6cffb9e-23b9-42dd-ac39-3fd2c2555e42/timeouts &amp#27;[39m&amp#27;[32m200&amp#27;[39m &amp#27;[90m6 ms - 14&amp#27;[39m
&amp#27;[35m[HTTP]&amp#27;[39m &amp#27;[90m&amp#27;[39m
&amp#27;[35m[HTTP]&amp#27;[39m &amp#27;[37m-->&amp#27;[39m &amp#27;[37mPOST&amp#27;[39m &amp#27;[37m/wd/hub/session/d6cffb9e-23b9-42dd-ac39-3fd2c2555e42/timeouts&amp#27;[39m
&amp#27;[35m[HTTP]&amp#27;[39m &amp#27;[90m{"implicit":15000}&amp#27;[39m
[debug] &amp#27;[35m[W3C (d6cffb9e)]&amp#27;[39m Calling AppiumDriver.timeouts() with args: [null,null,null,null,15000,"d6cffb9e-23b9-42dd-ac39-3fd2c2555e42"]
[debug] &amp#27;[35m[BaseDriver]&amp#27;[39m W3C timeout argument: {"implicit":15000}}
[debug] &amp#27;[35m[BaseDriver]&amp#27;[39m Set implicit wait to 15000ms
[debug] &amp#27;[35m[W3C (d6cffb9e)]&amp#27;[39m Responding to client with driver.timeouts() result: null
&amp#27;[35m[HTTP]&amp#27;[39m &amp#27;[37m<-- POST /wd/hub/session/d6cffb9e-23b9-42dd-ac39-3fd2c2555e42/timeouts &amp#27;[39m&amp#27;[32m200&amp#27;[39m &amp#27;[90m6 ms - 14&amp#27;[39m
&amp#27;[35m[HTTP]&amp#27;[39m &amp#27;[90m&amp#27;[39m
&amp#27;[35m[HTTP]&amp#27;[39m &amp#27;[37m-->&amp#27;[39m &amp#27;[37mGET&amp#27;[39m &amp#27;[37m/wd/hub/session/d6cffb9e-23b9-42dd-ac39-3fd2c2555e42&amp#27;[39m
&amp#27;[35m[HTTP]&amp#27;[39m &amp#27;[90m{}&amp#27;[39m
[debug] &amp#27;[35m[W3C (d6cffb9e)]&amp#27;[39m Calling AppiumDriver.getSession() with args: ["d6cffb9e-23b9-42dd-ac39-3fd2c2555e42"]
[debug] &amp#27;[35m[UiAutomator2]&amp#27;[39m Getting session details from server to mix in
[debug] &amp#27;[35m[WD Proxy]&amp#27;[39m Matched '/' to command name 'getSession'
[debug] &amp#27;[35m[WD Proxy]&amp#27;[39m Proxying [GET /] to [GET http://127.0.0.1:8268/wd/hub/session/585bd575-2105-4d52-b8cf-94a6243df4e0] with no body
[debug] &amp#27;[35m[WD Proxy]&amp#27;[39m Got response with status 200: {"sessionId":"585bd575-2105-4d52-b8cf-94a6243df4e0","value":{"lastScrollData":null}}
[debug] &amp#27;[35m[W3C (d6cffb9e)]&amp#27;[39m Responding to client with driver.getSession() result: {"platform":"LINUX","webStorageEnabled":false,"takesScreenshot":true,"javascriptEnabled":true,"databaseEnabled":false,"networkConnectionEnabled":true,"locationContextEnabled":false,"warnings":{},"desired":{"platformName":"android","app":"C:\\Users\\Emre\\eclipse-workspace\\NabizFramework\\src\\com.waveline.nabiz.60.apk","appWaitActivity":"com.waveline.*","automationName":"uiautomator2","deviceName":"MiTelefon","newCommandTimeout":25,"noReset":true},"platformName":"android","app":"C:\\Users\\Emre\\eclipse-workspace\\NabizFramework\\src\\com.waveline.nabiz.60.apk","appWaitActivity":"com.waveline.*","automationName":"uiautomator2","deviceName":"d474e7a0","newCommandTimeout":25,"noReset":true,"deviceUDID":"d474e7a0","appPackage":"com.waveline.nabiz","deviceApiLevel":26,"platformVersion":"8.0.0","deviceScreenSize":"1080x1920","deviceScreenDensity":480,"deviceModel":"MI 5s","deviceManufacturer":"Xiaomi","pixelRatio":3,"statBarHeight":72,"viewportRect":{"left":0,"top":72,"width":1080,"height":1848},"lastScrollDat...
&amp#27;[35m[HTTP]&amp#27;[39m &amp#27;[37m<-- GET /wd/hub/session/d6cffb9e-23b9-42dd-ac39-3fd2c2555e42 &amp#27;[39m&amp#27;[32m200&amp#27;[39m &amp#27;[90m22 ms - 1039&amp#27;[39m
&amp#27;[35m[HTTP]&amp#27;[39m &amp#27;[90m&amp#27;[39m
&amp#27;[35m[HTTP]&amp#27;[39m &amp#27;[37m-->&amp#27;[39m &amp#27;[37mGET&amp#27;[39m &amp#27;[37m/wd/hub/session/d6cffb9e-23b9-42dd-ac39-3fd2c2555e42&amp#27;[39m
&amp#27;[35m[HTTP]&amp#27;[39m &amp#27;[90m{}&amp#27;[39m
[debug] &amp#27;[35m[W3C (d6cffb9e)]&amp#27;[39m Calling AppiumDriver.getSession() with args: ["d6cffb9e-23b9-42dd-ac39-3fd2c2555e42"]
[debug] &amp#27;[35m[UiAutomator2]&amp#27;[39m Getting session details from server to mix in
[debug] &amp#27;[35m[WD Proxy]&amp#27;[39m Matched '/' to command name 'getSession'
[debug] &amp#27;[35m[WD Proxy]&amp#27;[39m Proxying [GET /] to [GET http://127.0.0.1:8268/wd/hub/session/585bd575-2105-4d52-b8cf-94a6243df4e0] with no body
[debug] &amp#27;[35m[WD Proxy]&amp#27;[39m Got response with status 200: {"sessionId":"585bd575-2105-4d52-b8cf-94a6243df4e0","value":{"lastScrollData":null}}
[debug] &amp#27;[35m[W3C (d6cffb9e)]&amp#27;[39m Responding to client with driver.getSession() result: {"platform":"LINUX","webStorageEnabled":false,"takesScreenshot":true,"javascriptEnabled":true,"databaseEnabled":false,"networkConnectionEnabled":true,"locationContextEnabled":false,"warnings":{},"desired":{"platformName":"android","app":"C:\\Users\\Emre\\eclipse-workspace\\NabizFramework\\src\\com.waveline.nabiz.60.apk","appWaitActivity":"com.waveline.*","automationName":"uiautomator2","deviceName":"MiTelefon","newCommandTimeout":25,"noReset":true},"platformName":"android","app":"C:\\Users\\Emre\\eclipse-workspace\\NabizFramework\\src\\com.waveline.nabiz.60.apk","appWaitActivity":"com.waveline.*","automationName":"uiautomator2","deviceName":"d474e7a0","newCommandTimeout":25,"noReset":true,"deviceUDID":"d474e7a0","appPackage":"com.waveline.nabiz","deviceApiLevel":26,"platformVersion":"8.0.0","deviceScreenSize":"1080x1920","deviceScreenDensity":480,"deviceModel":"MI 5s","deviceManufacturer":"Xiaomi","pixelRatio":3,"statBarHeight":72,"viewportRect":{"left":0,"top":72,"width":1080,"height":1848},"lastScrollDat...
&amp#27;[35m[HTTP]&amp#27;[39m &amp#27;[37m<-- GET /wd/hub/session/d6cffb9e-23b9-42dd-ac39-3fd2c2555e42 &amp#27;[39m&amp#27;[32m200&amp#27;[39m &amp#27;[90m18 ms - 1039&amp#27;[39m
&amp#27;[35m[HTTP]&amp#27;[39m &amp#27;[90m&amp#27;[39m
&amp#27;[35m[HTTP]&amp#27;[39m &amp#27;[37m-->&amp#27;[39m &amp#27;[37mGET&amp#27;[39m &amp#27;[37m/wd/hub/session/d6cffb9e-23b9-42dd-ac39-3fd2c2555e42&amp#27;[39m
&amp#27;[35m[HTTP]&amp#27;[39m &amp#27;[90m{}&amp#27;[39m
[debug] &amp#27;[35m[W3C (d6cffb9e)]&amp#27;[39m Calling AppiumDriver.getSession() with args: ["d6cffb9e-23b9-42dd-ac39-3fd2c2555e42"]
[debug] &amp#27;[35m[UiAutomator2]&amp#27;[39m Getting session details from server to mix in
[debug] &amp#27;[35m[WD Proxy]&amp#27;[39m Matched '/' to command name 'getSession'
[debug] &amp#27;[35m[WD Proxy]&amp#27;[39m Proxying [GET /] to [GET http://127.0.0.1:8268/wd/hub/session/585bd575-2105-4d52-b8cf-94a6243df4e0] with no body
[debug] &amp#27;[35m[WD Proxy]&amp#27;[39m Got response with status 200: {"sessionId":"585bd575-2105-4d52-b8cf-94a6243df4e0","value":{"lastScrollData":null}}
[debug] &amp#27;[35m[W3C (d6cffb9e)]&amp#27;[39m Responding to client with driver.getSession() result: {"platform":"LINUX","webStorageEnabled":false,"takesScreenshot":true,"javascriptEnabled":true,"databaseEnabled":false,"networkConnectionEnabled":true,"locationContextEnabled":false,"warnings":{},"desired":{"platformName":"android","app":"C:\\Users\\Emre\\eclipse-workspace\\NabizFramework\\src\\com.waveline.nabiz.60.apk","appWaitActivity":"com.waveline.*","automationName":"uiautomator2","deviceName":"MiTelefon","newCommandTimeout":25,"noReset":true},"platformName":"android","app":"C:\\Users\\Emre\\eclipse-workspace\\NabizFramework\\src\\com.waveline.nabiz.60.apk","appWaitActivity":"com.waveline.*","automationName":"uiautomator2","deviceName":"d474e7a0","newCommandTimeout":25,"noReset":true,"deviceUDID":"d474e7a0","appPackage":"com.waveline.nabiz","deviceApiLevel":26,"platformVersion":"8.0.0","deviceScreenSize":"1080x1920","deviceScreenDensity":480,"deviceModel":"MI 5s","deviceManufacturer":"Xiaomi","pixelRatio":3,"statBarHeight":72,"viewportRect":{"left":0,"top":72,"width":1080,"height":1848},"lastScrollDat...
&amp#27;[35m[HTTP]&amp#27;[39m &amp#27;[37m<-- GET /wd/hub/session/d6cffb9e-23b9-42dd-ac39-3fd2c2555e42 &amp#27;[39m&amp#27;[32m200&amp#27;[39m &amp#27;[90m19 ms - 1039&amp#27;[39m
&amp#27;[35m[HTTP]&amp#27;[39m &amp#27;[90m&amp#27;[39m
&amp#27;[35m[HTTP]&amp#27;[39m &amp#27;[37m-->&amp#27;[39m &amp#27;[37mGET&amp#27;[39m &amp#27;[37m/wd/hub/session/d6cffb9e-23b9-42dd-ac39-3fd2c2555e42&amp#27;[39m
&amp#27;[35m[HTTP]&amp#27;[39m &amp#27;[90m{}&amp#27;[39m
[debug] &amp#27;[35m[W3C (d6cffb9e)]&amp#27;[39m Calling AppiumDriver.getSession() with args: ["d6cffb9e-23b9-42dd-ac39-3fd2c2555e42"]
[debug] &amp#27;[35m[UiAutomator2]&amp#27;[39m Getting session details from server to mix in
[debug] &amp#27;[35m[WD Proxy]&amp#27;[39m Matched '/' to command name 'getSession'
[debug] &amp#27;[35m[WD Proxy]&amp#27;[39m Proxying [GET /] to [GET http://127.0.0.1:8268/wd/hub/session/585bd575-2105-4d52-b8cf-94a6243df4e0] with no body
[debug] &amp#27;[35m[WD Proxy]&amp#27;[39m Got response with status 200: {"sessionId":"585bd575-2105-4d52-b8cf-94a6243df4e0","value":{"lastScrollData":null}}
[debug] &amp#27;[35m[W3C (d6cffb9e)]&amp#27;[39m Responding to client with driver.getSession() result: {"platform":"LINUX","webStorageEnabled":false,"takesScreenshot":true,"javascriptEnabled":true,"databaseEnabled":false,"networkConnectionEnabled":true,"locationContextEnabled":false,"warnings":{},"desired":{"platformName":"android","app":"C:\\Users\\Emre\\eclipse-workspace\\NabizFramework\\src\\com.waveline.nabiz.60.apk","appWaitActivity":"com.waveline.*","automationName":"uiautomator2","deviceName":"MiTelefon","newCommandTimeout":25,"noReset":true},"platformName":"android","app":"C:\\Users\\Emre\\eclipse-workspace\\NabizFramework\\src\\com.waveline.nabiz.60.apk","appWaitActivity":"com.waveline.*","automationName":"uiautomator2","deviceName":"d474e7a0","newCommandTimeout":25,"noReset":true,"deviceUDID":"d474e7a0","appPackage":"com.waveline.nabiz","deviceApiLevel":26,"platformVersion":"8.0.0","deviceScreenSize":"1080x1920","deviceScreenDensity":480,"deviceModel":"MI 5s","deviceManufacturer":"Xiaomi","pixelRatio":3,"statBarHeight":72,"viewportRect":{"left":0,"top":72,"width":1080,"height":1848},"lastScrollDat...
&amp#27;[35m[HTTP]&amp#27;[39m &amp#27;[37m<-- GET /wd/hub/session/d6cffb9e-23b9-42dd-ac39-3fd2c2555e42 &amp#27;[39m&amp#27;[32m200&amp#27;[39m &amp#27;[90m22 ms - 1039&amp#27;[39m
&amp#27;[35m[HTTP]&amp#27;[39m &amp#27;[90m&amp#27;[39m
&amp#27;[35m[HTTP]&amp#27;[39m &amp#27;[37m-->&amp#27;[39m &amp#27;[37mGET&amp#27;[39m &amp#27;[37m/wd/hub/session/d6cffb9e-23b9-42dd-ac39-3fd2c2555e42&amp#27;[39m
&amp#27;[35m[HTTP]&amp#27;[39m &amp#27;[90m{}&amp#27;[39m
[debug] &amp#27;[35m[W3C (d6cffb9e)]&amp#27;[39m Calling AppiumDriver.getSession() with args: ["d6cffb9e-23b9-42dd-ac39-3fd2c2555e42"]
[debug] &amp#27;[35m[UiAutomator2]&amp#27;[39m Getting session details from server to mix in
[debug] &amp#27;[35m[WD Proxy]&amp#27;[39m Matched '/' to command name 'getSession'
[debug] &amp#27;[35m[WD Proxy]&amp#27;[39m Proxying [GET /] to [GET http://127.0.0.1:8268/wd/hub/session/585bd575-2105-4d52-b8cf-94a6243df4e0] with no body
[debug] &amp#27;[35m[WD Proxy]&amp#27;[39m Got response with status 200: {"sessionId":"585bd575-2105-4d52-b8cf-94a6243df4e0","value":{"lastScrollData":null}}
[debug] &amp#27;[35m[W3C (d6cffb9e)]&amp#27;[39m Responding to client with driver.getSession() result: {"platform":"LINUX","webStorageEnabled":false,"takesScreenshot":true,"javascriptEnabled":true,"databaseEnabled":false,"networkConnectionEnabled":true,"locationContextEnabled":false,"warnings":{},"desired":{"platformName":"android","app":"C:\\Users\\Emre\\eclipse-workspace\\NabizFramework\\src\\com.waveline.nabiz.60.apk","appWaitActivity":"com.waveline.*","automationName":"uiautomator2","deviceName":"MiTelefon","newCommandTimeout":25,"noReset":true},"platformName":"android","app":"C:\\Users\\Emre\\eclipse-workspace\\NabizFramework\\src\\com.waveline.nabiz.60.apk","appWaitActivity":"com.waveline.*","automationName":"uiautomator2","deviceName":"d474e7a0","newCommandTimeout":25,"noReset":true,"deviceUDID":"d474e7a0","appPackage":"com.waveline.nabiz","deviceApiLevel":26,"platformVersion":"8.0.0","deviceScreenSize":"1080x1920","deviceScreenDensity":480,"deviceModel":"MI 5s","deviceManufacturer":"Xiaomi","pixelRatio":3,"statBarHeight":72,"viewportRect":{"left":0,"top":72,"width":1080,"height":1848},"lastScrollDat...
&amp#27;[35m[HTTP]&amp#27;[39m &amp#27;[37m<-- GET /wd/hub/session/d6cffb9e-23b9-42dd-ac39-3fd2c2555e42 &amp#27;[39m&amp#27;[32m200&amp#27;[39m &amp#27;[90m20 ms - 1039&amp#27;[39m
&amp#27;[35m[HTTP]&amp#27;[39m &amp#27;[90m&amp#27;[39m
&amp#27;[35m[HTTP]&amp#27;[39m &amp#27;[37m-->&amp#27;[39m &amp#27;[37mPOST&amp#27;[39m &amp#27;[37m/wd/hub/session/d6cffb9e-23b9-42dd-ac39-3fd2c2555e42/element&amp#27;[39m
&amp#27;[35m[HTTP]&amp#27;[39m &amp#27;[90m{"using":"xpath","value":"//android.widget.TextView[@text='Profilim']"}&amp#27;[39m
[debug] &amp#27;[35m[W3C (d6cffb9e)]&amp#27;[39m Calling AppiumDriver.findElement() with args: ["xpath","//android.widget.TextView[@text='Profilim']","d6cffb9e-23b9-42dd-ac39-3fd2c2555e42"]
[debug] &amp#27;[35m[BaseDriver]&amp#27;[39m Valid locator strategies for this request: xpath, id, class name, accessibility id, css selector, -android uiautomator
[debug] &amp#27;[35m[BaseDriver]&amp#27;[39m Waiting up to 15000 ms for condition
[debug] &amp#27;[35m[WD Proxy]&amp#27;[39m Matched '/element' to command name 'findElement'
[debug] &amp#27;[35m[WD Proxy]&amp#27;[39m Proxying [POST /element] to [POST http://127.0.0.1:8268/wd/hub/session/585bd575-2105-4d52-b8cf-94a6243df4e0/element] with body: {"strategy":"xpath","selector":"//android.widget.TextView[@text='Profilim']","context":"","multiple":false}
&amp#27;[35m[WD Proxy]&amp#27;[39m Got response with status 404: {"sessionId":"585bd575-2105-4d52-b8cf-94a6243df4e0","value":{"error":"no such element","message":"An element could not be located on the page using the given search parameters","stacktrace":"io.appium.uiautomator2.common.exceptions.ElementNotFoundException: An element could not be located on the page using the given search parameters\n\tat io.appium.uiautomator2.handler.FindElement.findElement(FindElement.java:96)\n\tat io.appium.uiautomator2.handler.FindElement.safeHandle(FindElement.java:71)\n\tat io.appium.uiautomator2.handler.request.SafeRequestHandler.handle(SafeRequestHandler.java:41)\n\tat io.appium.uiautomator2.server.AppiumServlet.handleRequest(AppiumServlet.java:261)\n\tat io.appium.uiautomator2.server.AppiumServlet.handleHttpRequest(AppiumServlet.java:255)\n\tat io.appium.uiautomator2.http.ServerHandler.channelRead(ServerHandler.java:68)\n\tat io.netty.channel.AbstractChannelHandlerContext.invokeChannelRead(AbstractChannelHandlerContext.java:366)\n\tat io.netty.channel.AbstractChannelHandlerCont...
[debug] &amp#27;[35m[W3C]&amp#27;[39m Matched W3C error code 'no such element' to NoSuchElementError
[debug] &amp#27;[35m[BaseDriver]&amp#27;[39m Waited for 1171 ms so far
[debug] &amp#27;[35m[WD Proxy]&amp#27;[39m Matched '/element' to command name 'findElement'
[debug] &amp#27;[35m[WD Proxy]&amp#27;[39m Proxying [POST /element] to [POST http://127.0.0.1:8268/wd/hub/session/585bd575-2105-4d52-b8cf-94a6243df4e0/element] with body: {"strategy":"xpath","selector":"//android.widget.TextView[@text='Profilim']","context":"","multiple":false}
&amp#27;[35m[WD Proxy]&amp#27;[39m Got response with status 404: {"sessionId":"585bd575-2105-4d52-b8cf-94a6243df4e0","value":{"error":"no such element","message":"An element could not be located on the page using the given search parameters","stacktrace":"io.appium.uiautomator2.common.exceptions.ElementNotFoundException: An element could not be located on the page using the given search parameters\n\tat io.appium.uiautomator2.handler.FindElement.findElement(FindElement.java:96)\n\tat io.appium.uiautomator2.handler.FindElement.safeHandle(FindElement.java:71)\n\tat io.appium.uiautomator2.handler.request.SafeRequestHandler.handle(SafeRequestHandler.java:41)\n\tat io.appium.uiautomator2.server.AppiumServlet.handleRequest(AppiumServlet.java:261)\n\tat io.appium.uiautomator2.server.AppiumServlet.handleHttpRequest(AppiumServlet.java:255)\n\tat io.appium.uiautomator2.http.ServerHandler.channelRead(ServerHandler.java:68)\n\tat io.netty.channel.AbstractChannelHandlerContext.invokeChannelRead(AbstractChannelHandlerContext.java:366)\n\tat io.netty.channel.AbstractChannelHandlerCont...
[debug] &amp#27;[35m[W3C]&amp#27;[39m Matched W3C error code 'no such element' to NoSuchElementError
[debug] &amp#27;[35m[BaseDriver]&amp#27;[39m Waited for 1745 ms so far
[debug] &amp#27;[35m[WD Proxy]&amp#27;[39m Matched '/element' to command name 'findElement'
[debug] &amp#27;[35m[WD Proxy]&amp#27;[39m Proxying [POST /element] to [POST http://127.0.0.1:8268/wd/hub/session/585bd575-2105-4d52-b8cf-94a6243df4e0/element] with body: {"strategy":"xpath","selector":"//android.widget.TextView[@text='Profilim']","context":"","multiple":false}
[debug] &amp#27;[35m[WD Proxy]&amp#27;[39m Got response with status 200: {"sessionId":"585bd575-2105-4d52-b8cf-94a6243df4e0","value":{"ELEMENT":"bf02f061-f41f-44c3-910f-3a1ddcaa959d","element-6066-11e4-a52e-4f735466cecf":"bf02f061-f41f-44c3-910f-3a1ddcaa959d"}}
[debug] &amp#27;[35m[W3C (d6cffb9e)]&amp#27;[39m Responding to client with driver.findElement() result: {"element-6066-11e4-a52e-4f735466cecf":"bf02f061-f41f-44c3-910f-3a1ddcaa959d","ELEMENT":"bf02f061-f41f-44c3-910f-3a1ddcaa959d"}
&amp#27;[35m[HTTP]&amp#27;[39m &amp#27;[37m<-- POST /wd/hub/session/d6cffb9e-23b9-42dd-ac39-3fd2c2555e42/element &amp#27;[39m&amp#27;[32m200&amp#27;[39m &amp#27;[90m3184 ms - 137&amp#27;[39m
&amp#27;[35m[HTTP]&amp#27;[39m &amp#27;[90m&amp#27;[39m
&amp#27;[35m[HTTP]&amp#27;[39m &amp#27;[37m-->&amp#27;[39m &amp#27;[37mPOST&amp#27;[39m &amp#27;[37m/wd/hub/session/d6cffb9e-23b9-42dd-ac39-3fd2c2555e42/element/bf02f061-f41f-44c3-910f-3a1ddcaa959d/click&amp#27;[39m
&amp#27;[35m[HTTP]&amp#27;[39m &amp#27;[90m{"id":"bf02f061-f41f-44c3-910f-3a1ddcaa959d"}&amp#27;[39m
[debug] &amp#27;[35m[W3C (d6cffb9e)]&amp#27;[39m Calling AppiumDriver.click() with args: ["bf02f061-f41f-44c3-910f-3a1ddcaa959d","d6cffb9e-23b9-42dd-ac39-3fd2c2555e42"]
[debug] &amp#27;[35m[WD Proxy]&amp#27;[39m Matched '/element/bf02f061-f41f-44c3-910f-3a1ddcaa959d/click' to command name 'click'
[debug] &amp#27;[35m[WD Proxy]&amp#27;[39m Proxying [POST /element/bf02f061-f41f-44c3-910f-3a1ddcaa959d/click] to [POST http://127.0.0.1:8268/wd/hub/session/585bd575-2105-4d52-b8cf-94a6243df4e0/element/bf02f061-f41f-44c3-910f-3a1ddcaa959d/click] with body: {"element":"bf02f061-f41f-44c3-910f-3a1ddcaa959d"}
[debug] &amp#27;[35m[WD Proxy]&amp#27;[39m Got response with status 200: {"sessionId":"585bd575-2105-4d52-b8cf-94a6243df4e0","value":null}
[debug] &amp#27;[35m[W3C (d6cffb9e)]&amp#27;[39m Responding to client with driver.click() result: null
&amp#27;[35m[HTTP]&amp#27;[39m &amp#27;[37m<-- POST /wd/hub/session/d6cffb9e-23b9-42dd-ac39-3fd2c2555e42/element/bf02f061-f41f-44c3-910f-3a1ddcaa959d/click &amp#27;[39m&amp#27;[32m200&amp#27;[39m &amp#27;[90m616 ms - 14&amp#27;[39m
&amp#27;[35m[HTTP]&amp#27;[39m &amp#27;[90m&amp#27;[39m
&amp#27;[35m[HTTP]&amp#27;[39m &amp#27;[37m-->&amp#27;[39m &amp#27;[37mPOST&amp#27;[39m &amp#27;[37m/wd/hub/session/d6cffb9e-23b9-42dd-ac39-3fd2c2555e42/element&amp#27;[39m
&amp#27;[35m[HTTP]&amp#27;[39m &amp#27;[90m{"using":"-android uiautomator","value":"new UiScrollable(new UiSelector().scrollable(true).instance(0)).scrollIntoView(new UiSelector().textMatches(\"Kaynak Ã–nerin\").instance(0))"}&amp#27;[39m
[debug] &amp#27;[35m[W3C (d6cffb9e)]&amp#27;[39m Calling AppiumDriver.findElement() with args: ["-android uiautomator","new UiScrollable(new UiSelector().scrollable(true).instance(0)).scrollIntoView(new UiSelector().textMatches(\"Kaynak Ã–nerin\").instance(0))","d6cffb9e-23b9-42dd-ac39-3fd2c2555e42"]
[debug] &amp#27;[35m[BaseDriver]&amp#27;[39m Valid locator strategies for this request: xpath, id, class name, accessibility id, css selector, -android uiautomator
[debug] &amp#27;[35m[BaseDriver]&amp#27;[39m Waiting up to 15000 ms for condition
[debug] &amp#27;[35m[WD Proxy]&amp#27;[39m Matched '/element' to command name 'findElement'
[debug] &amp#27;[35m[WD Proxy]&amp#27;[39m Proxying [POST /element] to [POST http://127.0.0.1:8268/wd/hub/session/585bd575-2105-4d52-b8cf-94a6243df4e0/element] with body: {"strategy":"-android uiautomator","selector":"new UiScrollable(new UiSelector().scrollable(true).instance(0)).scrollIntoView(new UiSelector().textMatches(\"Kaynak Ã–nerin\").instance(0))","context":"","multiple":false}
[debug] &amp#27;[35m[WD Proxy]&amp#27;[39m Got response with status 200: {"sessionId":"585bd575-2105-4d52-b8cf-94a6243df4e0","value":{"ELEMENT":"47939034-9689-45ae-974c-f445a065445d","element-6066-11e4-a52e-4f735466cecf":"47939034-9689-45ae-974c-f445a065445d"}}
[debug] &amp#27;[35m[W3C (d6cffb9e)]&amp#27;[39m Responding to client with driver.findElement() result: {"element-6066-11e4-a52e-4f735466cecf":"47939034-9689-45ae-974c-f445a065445d","ELEMENT":"47939034-9689-45ae-974c-f445a065445d"}
&amp#27;[35m[HTTP]&amp#27;[39m &amp#27;[37m<-- POST /wd/hub/session/d6cffb9e-23b9-42dd-ac39-3fd2c2555e42/element &amp#27;[39m&amp#27;[32m200&amp#27;[39m &amp#27;[90m6265 ms - 137&amp#27;[39m
&amp#27;[35m[HTTP]&amp#27;[39m &amp#27;[90m&amp#27;[39m
&amp#27;[35m[HTTP]&amp#27;[39m &amp#27;[37m-->&amp#27;[39m &amp#27;[37mGET&amp#27;[39m &amp#27;[37m/wd/hub/session/d6cffb9e-23b9-42dd-ac39-3fd2c2555e42&amp#27;[39m
&amp#27;[35m[HTTP]&amp#27;[39m &amp#27;[90m{}&amp#27;[39m
[debug] &amp#27;[35m[W3C (d6cffb9e)]&amp#27;[39m Calling AppiumDriver.getSession() with args: ["d6cffb9e-23b9-42dd-ac39-3fd2c2555e42"]
[debug] &amp#27;[35m[UiAutomator2]&amp#27;[39m Getting session details from server to mix in
[debug] &amp#27;[35m[WD Proxy]&amp#27;[39m Matched '/' to command name 'getSession'
[debug] &amp#27;[35m[WD Proxy]&amp#27;[39m Proxying [GET /] to [GET http://127.0.0.1:8268/wd/hub/session/585bd575-2105-4d52-b8cf-94a6243df4e0] with no body
[debug] &amp#27;[35m[WD Proxy]&amp#27;[39m Got response with status 200: {"sessionId":"585bd575-2105-4d52-b8cf-94a6243df4e0","value":{"lastScrollData":null}}
[debug] &amp#27;[35m[W3C (d6cffb9e)]&amp#27;[39m Responding to client with driver.getSession() result: {"platform":"LINUX","webStorageEnabled":false,"takesScreenshot":true,"javascriptEnabled":true,"databaseEnabled":false,"networkConnectionEnabled":true,"locationContextEnabled":false,"warnings":{},"desired":{"platformName":"android","app":"C:\\Users\\Emre\\eclipse-workspace\\NabizFramework\\src\\com.waveline.nabiz.60.apk","appWaitActivity":"com.waveline.*","automationName":"uiautomator2","deviceName":"MiTelefon","newCommandTimeout":25,"noReset":true},"platformName":"android","app":"C:\\Users\\Emre\\eclipse-workspace\\NabizFramework\\src\\com.waveline.nabiz.60.apk","appWaitActivity":"com.waveline.*","automationName":"uiautomator2","deviceName":"d474e7a0","newCommandTimeout":25,"noReset":true,"deviceUDID":"d474e7a0","appPackage":"com.waveline.nabiz","deviceApiLevel":26,"platformVersion":"8.0.0","deviceScreenSize":"1080x1920","deviceScreenDensity":480,"deviceModel":"MI 5s","deviceManufacturer":"Xiaomi","pixelRatio":3,"statBarHeight":72,"viewportRect":{"left":0,"top":72,"width":1080,"height":1848},"lastScrollDat...
&amp#27;[35m[HTTP]&amp#27;[39m &amp#27;[37m<-- GET /wd/hub/session/d6cffb9e-23b9-42dd-ac39-3fd2c2555e42 &amp#27;[39m&amp#27;[32m200&amp#27;[39m &amp#27;[90m28 ms - 1039&amp#27;[39m
&amp#27;[35m[HTTP]&amp#27;[39m &amp#27;[90m&amp#27;[39m
&amp#27;[35m[HTTP]&amp#27;[39m &amp#27;[37m-->&amp#27;[39m &amp#27;[37mPOST&amp#27;[39m &amp#27;[37m/wd/hub/session/d6cffb9e-23b9-42dd-ac39-3fd2c2555e42/element&amp#27;[39m
&amp#27;[35m[HTTP]&amp#27;[39m &amp#27;[90m{"using":"xpath","value":"//android.widget.TextView[@text='Kaynak Ã–nerin']"}&amp#27;[39m
[debug] &amp#27;[35m[W3C (d6cffb9e)]&amp#27;[39m Calling AppiumDriver.findElement() with args: ["xpath","//android.widget.TextView[@text='Kaynak Ã–nerin']","d6cffb9e-23b9-42dd-ac39-3fd2c2555e42"]
[debug] &amp#27;[35m[BaseDriver]&amp#27;[39m Valid locator strategies for this request: xpath, id, class name, accessibility id, css selector, -android uiautomator
[debug] &amp#27;[35m[BaseDriver]&amp#27;[39m Waiting up to 15000 ms for condition
[debug] &amp#27;[35m[WD Proxy]&amp#27;[39m Matched '/element' to command name 'findElement'
[debug] &amp#27;[35m[WD Proxy]&amp#27;[39m Proxying [POST /element] to [POST http://127.0.0.1:8268/wd/hub/session/585bd575-2105-4d52-b8cf-94a6243df4e0/element] with body: {"strategy":"xpath","selector":"//android.widget.TextView[@text='Kaynak Ã–nerin']","context":"","multiple":false}
[debug] &amp#27;[35m[WD Proxy]&amp#27;[39m Got response with status 200: {"sessionId":"585bd575-2105-4d52-b8cf-94a6243df4e0","value":{"ELEMENT":"34826d2e-e51e-455a-bd5f-6277ea7227f1","element-6066-11e4-a52e-4f735466cecf":"34826d2e-e51e-455a-bd5f-6277ea7227f1"}}
[debug] &amp#27;[35m[W3C (d6cffb9e)]&amp#27;[39m Responding to client with driver.findElement() result: {"element-6066-11e4-a52e-4f735466cecf":"34826d2e-e51e-455a-bd5f-6277ea7227f1","ELEMENT":"34826d2e-e51e-455a-bd5f-6277ea7227f1"}
&amp#27;[35m[HTTP]&amp#27;[39m &amp#27;[37m<-- POST /wd/hub/session/d6cffb9e-23b9-42dd-ac39-3fd2c2555e42/element &amp#27;[39m&amp#27;[32m200&amp#27;[39m &amp#27;[90m418 ms - 137&amp#27;[39m
&amp#27;[35m[HTTP]&amp#27;[39m &amp#27;[90m&amp#27;[39m
&amp#27;[35m[HTTP]&amp#27;[39m &amp#27;[37m-->&amp#27;[39m &amp#27;[37mPOST&amp#27;[39m &amp#27;[37m/wd/hub/session/d6cffb9e-23b9-42dd-ac39-3fd2c2555e42/element/34826d2e-e51e-455a-bd5f-6277ea7227f1/click&amp#27;[39m
&amp#27;[35m[HTTP]&amp#27;[39m &amp#27;[90m{"id":"34826d2e-e51e-455a-bd5f-6277ea7227f1"}&amp#27;[39m
[debug] &amp#27;[35m[W3C (d6cffb9e)]&amp#27;[39m Calling AppiumDriver.click() with args: ["34826d2e-e51e-455a-bd5f-6277ea7227f1","d6cffb9e-23b9-42dd-ac39-3fd2c2555e42"]
[debug] &amp#27;[35m[WD Proxy]&amp#27;[39m Matched '/element/34826d2e-e51e-455a-bd5f-6277ea7227f1/click' to command name 'click'
[debug] &amp#27;[35m[WD Proxy]&amp#27;[39m Proxying [POST /element/34826d2e-e51e-455a-bd5f-6277ea7227f1/click] to [POST http://127.0.0.1:8268/wd/hub/session/585bd575-2105-4d52-b8cf-94a6243df4e0/element/34826d2e-e51e-455a-bd5f-6277ea7227f1/click] with body: {"element":"34826d2e-e51e-455a-bd5f-6277ea7227f1"}
[debug] &amp#27;[35m[WD Proxy]&amp#27;[39m Got response with status 200: {"sessionId":"585bd575-2105-4d52-b8cf-94a6243df4e0","value":null}
[debug] &amp#27;[35m[W3C (d6cffb9e)]&amp#27;[39m Responding to client with driver.click() result: null
&amp#27;[35m[HTTP]&amp#27;[39m &amp#27;[37m<-- POST /wd/hub/session/d6cffb9e-23b9-42dd-ac39-3fd2c2555e42/element/34826d2e-e51e-455a-bd5f-6277ea7227f1/click &amp#27;[39m&amp#27;[32m200&amp#27;[39m &amp#27;[90m48 ms - 14&amp#27;[39m
&amp#27;[35m[HTTP]&amp#27;[39m &amp#27;[90m&amp#27;[39m
&amp#27;[35m[HTTP]&amp#27;[39m &amp#27;[37m-->&amp#27;[39m &amp#27;[37mGET&amp#27;[39m &amp#27;[37m/wd/hub/session/d6cffb9e-23b9-42dd-ac39-3fd2c2555e42&amp#27;[39m
&amp#27;[35m[HTTP]&amp#27;[39m &amp#27;[90m{}&amp#27;[39m
[debug] &amp#27;[35m[W3C (d6cffb9e)]&amp#27;[39m Calling AppiumDriver.getSession() with args: ["d6cffb9e-23b9-42dd-ac39-3fd2c2555e42"]
[debug] &amp#27;[35m[UiAutomator2]&amp#27;[39m Getting session details from server to mix in
[debug] &amp#27;[35m[WD Proxy]&amp#27;[39m Matched '/' to command name 'getSession'
[debug] &amp#27;[35m[WD Proxy]&amp#27;[39m Proxying [GET /] to [GET http://127.0.0.1:8268/wd/hub/session/585bd575-2105-4d52-b8cf-94a6243df4e0] with no body
[debug] &amp#27;[35m[WD Proxy]&amp#27;[39m Got response with status 200: {"sessionId":"585bd575-2105-4d52-b8cf-94a6243df4e0","value":{"lastScrollData":null}}
[debug] &amp#27;[35m[W3C (d6cffb9e)]&amp#27;[39m Responding to client with driver.getSession() result: {"platform":"LINUX","webStorageEnabled":false,"takesScreenshot":true,"javascriptEnabled":true,"databaseEnabled":false,"networkConnectionEnabled":true,"locationContextEnabled":false,"warnings":{},"desired":{"platformName":"android","app":"C:\\Users\\Emre\\eclipse-workspace\\NabizFramework\\src\\com.waveline.nabiz.60.apk","appWaitActivity":"com.waveline.*","automationName":"uiautomator2","deviceName":"MiTelefon","newCommandTimeout":25,"noReset":true},"platformName":"android","app":"C:\\Users\\Emre\\eclipse-workspace\\NabizFramework\\src\\com.waveline.nabiz.60.apk","appWaitActivity":"com.waveline.*","automationName":"uiautomator2","deviceName":"d474e7a0","newCommandTimeout":25,"noReset":true,"deviceUDID":"d474e7a0","appPackage":"com.waveline.nabiz","deviceApiLevel":26,"platformVersion":"8.0.0","deviceScreenSize":"1080x1920","deviceScreenDensity":480,"deviceModel":"MI 5s","deviceManufacturer":"Xiaomi","pixelRatio":3,"statBarHeight":72,"viewportRect":{"left":0,"top":72,"width":1080,"height":1848},"lastScrollDat...
&amp#27;[35m[HTTP]&amp#27;[39m &amp#27;[37m<-- GET /wd/hub/session/d6cffb9e-23b9-42dd-ac39-3fd2c2555e42 &amp#27;[39m&amp#27;[32m200&amp#27;[39m &amp#27;[90m23 ms - 1039&amp#27;[39m
&amp#27;[35m[HTTP]&amp#27;[39m &amp#27;[90m&amp#27;[39m
&amp#27;[35m[HTTP]&amp#27;[39m &amp#27;[37m-->&amp#27;[39m &amp#27;[37mPOST&amp#27;[39m &amp#27;[37m/wd/hub/session/d6cffb9e-23b9-42dd-ac39-3fd2c2555e42/element&amp#27;[39m
&amp#27;[35m[HTTP]&amp#27;[39m &amp#27;[90m{"using":"id","value":"com.waveline.nabiz:id/source_edit_field"}&amp#27;[39m
[debug] &amp#27;[35m[W3C (d6cffb9e)]&amp#27;[39m Calling AppiumDriver.findElement() with args: ["id","com.waveline.nabiz:id/source_edit_field","d6cffb9e-23b9-42dd-ac39-3fd2c2555e42"]
[debug] &amp#27;[35m[BaseDriver]&amp#27;[39m Valid locator strategies for this request: xpath, id, class name, accessibility id, css selector, -android uiautomator
[debug] &amp#27;[35m[BaseDriver]&amp#27;[39m Waiting up to 15000 ms for condition
[debug] &amp#27;[35m[WD Proxy]&amp#27;[39m Matched '/element' to command name 'findElement'
[debug] &amp#27;[35m[WD Proxy]&amp#27;[39m Proxying [POST /element] to [POST http://127.0.0.1:8268/wd/hub/session/585bd575-2105-4d52-b8cf-94a6243df4e0/element] with body: {"strategy":"id","selector":"com.waveline.nabiz:id/source_edit_field","context":"","multiple":false}
&amp#27;[35m[WD Proxy]&amp#27;[39m Got response with status 404: {"sessionId":"585bd575-2105-4d52-b8cf-94a6243df4e0","value":{"error":"no such element","message":"An element could not be located on the page using the given search parameters","stacktrace":"io.appium.uiautomator2.common.exceptions.ElementNotFoundException: An element could not be located on the page using the given search parameters\n\tat io.appium.uiautomator2.handler.FindElement.safeHandle(FindElement.java:73)\n\tat io.appium.uiautomator2.handler.request.SafeRequestHandler.handle(SafeRequestHandler.java:41)\n\tat io.appium.uiautomator2.server.AppiumServlet.handleRequest(AppiumServlet.java:261)\n\tat io.appium.uiautomator2.server.AppiumServlet.handleHttpRequest(AppiumServlet.java:255)\n\tat io.appium.uiautomator2.http.ServerHandler.channelRead(ServerHandler.java:68)\n\tat io.netty.channel.AbstractChannelHandlerContext.invokeChannelRead(AbstractChannelHandlerContext.java:366)\n\tat io.netty.channel.AbstractChannelHandlerContext.invokeChannelRead(AbstractChannelHandlerContext.java:352)\n\tat io.netty.chann...
[debug] &amp#27;[35m[W3C]&amp#27;[39m Matched W3C error code 'no such element' to NoSuchElementError
[debug] &amp#27;[35m[BaseDriver]&amp#27;[39m Waited for 571 ms so far
[debug] &amp#27;[35m[WD Proxy]&amp#27;[39m Matched '/element' to command name 'findElement'
[debug] &amp#27;[35m[WD Proxy]&amp#27;[39m Proxying [POST /element] to [POST http://127.0.0.1:8268/wd/hub/session/585bd575-2105-4d52-b8cf-94a6243df4e0/element] with body: {"strategy":"id","selector":"com.waveline.nabiz:id/source_edit_field","context":"","multiple":false}
&amp#27;[35m[WD Proxy]&amp#27;[39m Got response with status 404: {"sessionId":"585bd575-2105-4d52-b8cf-94a6243df4e0","value":{"error":"no such element","message":"An element could not be located on the page using the given search parameters","stacktrace":"io.appium.uiautomator2.common.exceptions.ElementNotFoundException: An element could not be located on the page using the given search parameters\n\tat io.appium.uiautomator2.handler.FindElement.safeHandle(FindElement.java:73)\n\tat io.appium.uiautomator2.handler.request.SafeRequestHandler.handle(SafeRequestHandler.java:41)\n\tat io.appium.uiautomator2.server.AppiumServlet.handleRequest(AppiumServlet.java:261)\n\tat io.appium.uiautomator2.server.AppiumServlet.handleHttpRequest(AppiumServlet.java:255)\n\tat io.appium.uiautomator2.http.ServerHandler.channelRead(ServerHandler.java:68)\n\tat io.netty.channel.AbstractChannelHandlerContext.invokeChannelRead(AbstractChannelHandlerContext.java:366)\n\tat io.netty.channel.AbstractChannelHandlerContext.invokeChannelRead(AbstractChannelHandlerContext.java:352)\n\tat io.netty.chann...
[debug] &amp#27;[35m[W3C]&amp#27;[39m Matched W3C error code 'no such element' to NoSuchElementError
[debug] &amp#27;[35m[BaseDriver]&amp#27;[39m Waited for 1118 ms so far
[debug] &amp#27;[35m[WD Proxy]&amp#27;[39m Matched '/element' to command name 'findElement'
[debug] &amp#27;[35m[WD Proxy]&amp#27;[39m Proxying [POST /element] to [POST http://127.0.0.1:8268/wd/hub/session/585bd575-2105-4d52-b8cf-94a6243df4e0/element] with body: {"strategy":"id","selector":"com.waveline.nabiz:id/source_edit_field","context":"","multiple":false}
&amp#27;[35m[WD Proxy]&amp#27;[39m Got response with status 404: {"sessionId":"585bd575-2105-4d52-b8cf-94a6243df4e0","value":{"error":"no such element","message":"An element could not be located on the page using the given search parameters","stacktrace":"io.appium.uiautomator2.common.exceptions.ElementNotFoundException: An element could not be located on the page using the given search parameters\n\tat io.appium.uiautomator2.handler.FindElement.safeHandle(FindElement.java:73)\n\tat io.appium.uiautomator2.handler.request.SafeRequestHandler.handle(SafeRequestHandler.java:41)\n\tat io.appium.uiautomator2.server.AppiumServlet.handleRequest(AppiumServlet.java:261)\n\tat io.appium.uiautomator2.server.AppiumServlet.handleHttpRequest(AppiumServlet.java:255)\n\tat io.appium.uiautomator2.http.ServerHandler.channelRead(ServerHandler.java:68)\n\tat io.netty.channel.AbstractChannelHandlerContext.invokeChannelRead(AbstractChannelHandlerContext.java:366)\n\tat io.netty.channel.AbstractChannelHandlerContext.invokeChannelRead(AbstractChannelHandlerContext.java:352)\n\tat io.netty.chann...
[debug] &amp#27;[35m[W3C]&amp#27;[39m Matched W3C error code 'no such element' to NoSuchElementError
[debug] &amp#27;[35m[BaseDriver]&amp#27;[39m Waited for 2577 ms so far
[debug] &amp#27;[35m[WD Proxy]&amp#27;[39m Matched '/element' to command name 'findElement'
[debug] &amp#27;[35m[WD Proxy]&amp#27;[39m Proxying [POST /element] to [POST http://127.0.0.1:8268/wd/hub/session/585bd575-2105-4d52-b8cf-94a6243df4e0/element] with body: {"strategy":"id","selector":"com.waveline.nabiz:id/source_edit_field","context":"","multiple":false}
&amp#27;[35m[WD Proxy]&amp#27;[39m Got response with status 404: {"sessionId":"585bd575-2105-4d52-b8cf-94a6243df4e0","value":{"error":"no such element","message":"An element could not be located on the page using the given search parameters","stacktrace":"io.appium.uiautomator2.common.exceptions.ElementNotFoundException: An element could not be located on the page using the given search parameters\n\tat io.appium.uiautomator2.handler.FindElement.safeHandle(FindElement.java:73)\n\tat io.appium.uiautomator2.handler.request.SafeRequestHandler.handle(SafeRequestHandler.java:41)\n\tat io.appium.uiautomator2.server.AppiumServlet.handleRequest(AppiumServlet.java:261)\n\tat io.appium.uiautomator2.server.AppiumServlet.handleHttpRequest(AppiumServlet.java:255)\n\tat io.appium.uiautomator2.http.ServerHandler.channelRead(ServerHandler.java:68)\n\tat io.netty.channel.AbstractChannelHandlerContext.invokeChannelRead(AbstractChannelHandlerContext.java:366)\n\tat io.netty.channel.AbstractChannelHandlerContext.invokeChannelRead(AbstractChannelHandlerContext.java:352)\n\tat io.netty.chann...
[debug] &amp#27;[35m[W3C]&amp#27;[39m Matched W3C error code 'no such element' to NoSuchElementError
[debug] &amp#27;[35m[BaseDriver]&amp#27;[39m Waited for 3139 ms so far
[debug] &amp#27;[35m[WD Proxy]&amp#27;[39m Matched '/element' to command name 'findElement'
[debug] &amp#27;[35m[WD Proxy]&amp#27;[39m Proxying [POST /element] to [POST http://127.0.0.1:8268/wd/hub/session/585bd575-2105-4d52-b8cf-94a6243df4e0/element] with body: {"strategy":"id","selector":"com.waveline.nabiz:id/source_edit_field","context":"","multiple":false}
&amp#27;[35m[WD Proxy]&amp#27;[39m Got response with status 404: {"sessionId":"585bd575-2105-4d52-b8cf-94a6243df4e0","value":{"error":"no such element","message":"An element could not be located on the page using the given search parameters","stacktrace":"io.appium.uiautomator2.common.exceptions.ElementNotFoundException: An element could not be located on the page using the given search parameters\n\tat io.appium.uiautomator2.handler.FindElement.safeHandle(FindElement.java:73)\n\tat io.appium.uiautomator2.handler.request.SafeRequestHandler.handle(SafeRequestHandler.java:41)\n\tat io.appium.uiautomator2.server.AppiumServlet.handleRequest(AppiumServlet.java:261)\n\tat io.appium.uiautomator2.server.AppiumServlet.handleHttpRequest(AppiumServlet.java:255)\n\tat io.appium.uiautomator2.http.ServerHandler.channelRead(ServerHandler.java:68)\n\tat io.netty.channel.AbstractChannelHandlerContext.invokeChannelRead(AbstractChannelHandlerContext.java:366)\n\tat io.netty.channel.AbstractChannelHandlerContext.invokeChannelRead(AbstractChannelHandlerContext.java:352)\n\tat io.netty.chann...
[debug] &amp#27;[35m[W3C]&amp#27;[39m Matched W3C error code 'no such element' to NoSuchElementError
[debug] &amp#27;[35m[BaseDriver]&amp#27;[39m Waited for 3731 ms so far
[debug] &amp#27;[35m[WD Proxy]&amp#27;[39m Matched '/element' to command name 'findElement'
[debug] &amp#27;[35m[WD Proxy]&amp#27;[39m Proxying [POST /element] to [POST http://127.0.0.1:8268/wd/hub/session/585bd575-2105-4d52-b8cf-94a6243df4e0/element] with body: {"strategy":"id","selector":"com.waveline.nabiz:id/source_edit_field","context":"","multiple":false}
&amp#27;[35m[WD Proxy]&amp#27;[39m Got response with status 404: {"sessionId":"585bd575-2105-4d52-b8cf-94a6243df4e0","value":{"error":"no such element","message":"An element could not be located on the page using the given search parameters","stacktrace":"io.appium.uiautomator2.common.exceptions.ElementNotFoundException: An element could not be located on the page using the given search parameters\n\tat io.appium.uiautomator2.handler.FindElement.safeHandle(FindElement.java:73)\n\tat io.appium.uiautomator2.handler.request.SafeRequestHandler.handle(SafeRequestHandler.java:41)\n\tat io.appium.uiautomator2.server.AppiumServlet.handleRequest(AppiumServlet.java:261)\n\tat io.appium.uiautomator2.server.AppiumServlet.handleHttpRequest(AppiumServlet.java:255)\n\tat io.appium.uiautomator2.http.ServerHandler.channelRead(ServerHandler.java:68)\n\tat io.netty.channel.AbstractChannelHandlerContext.invokeChannelRead(AbstractChannelHandlerContext.java:366)\n\tat io.netty.channel.AbstractChannelHandlerContext.invokeChannelRead(AbstractChannelHandlerContext.java:352)\n\tat io.netty.chann...
[debug] &amp#27;[35m[W3C]&amp#27;[39m Matched W3C error code 'no such element' to NoSuchElementError
[debug] &amp#27;[35m[BaseDriver]&amp#27;[39m Waited for 4338 ms so far
[debug] &amp#27;[35m[WD Proxy]&amp#27;[39m Matched '/element' to command name 'findElement'
[debug] &amp#27;[35m[WD Proxy]&amp#27;[39m Proxying [POST /element] to [POST http://127.0.0.1:8268/wd/hub/session/585bd575-2105-4d52-b8cf-94a6243df4e0/element] with body: {"strategy":"id","selector":"com.waveline.nabiz:id/source_edit_field","context":"","multiple":false}
&amp#27;[35m[WD Proxy]&amp#27;[39m Got response with status 404: {"sessionId":"585bd575-2105-4d52-b8cf-94a6243df4e0","value":{"error":"no such element","message":"An element could not be located on the page using the given search parameters","stacktrace":"io.appium.uiautomator2.common.exceptions.ElementNotFoundException: An element could not be located on the page using the given search parameters\n\tat io.appium.uiautomator2.handler.FindElement.safeHandle(FindElement.java:73)\n\tat io.appium.uiautomator2.handler.request.SafeRequestHandler.handle(SafeRequestHandler.java:41)\n\tat io.appium.uiautomator2.server.AppiumServlet.handleRequest(AppiumServlet.java:261)\n\tat io.appium.uiautomator2.server.AppiumServlet.handleHttpRequest(AppiumServlet.java:255)\n\tat io.appium.uiautomator2.http.ServerHandler.channelRead(ServerHandler.java:68)\n\tat io.netty.channel.AbstractChannelHandlerContext.invokeChannelRead(AbstractChannelHandlerContext.java:366)\n\tat io.netty.channel.AbstractChannelHandlerContext.invokeChannelRead(AbstractChannelHandlerContext.java:352)\n\tat io.netty.chann...
[debug] &amp#27;[35m[W3C]&amp#27;[39m Matched W3C error code 'no such element' to NoSuchElementError
[debug] &amp#27;[35m[BaseDriver]&amp#27;[39m Waited for 4966 ms so far
[debug] &amp#27;[35m[WD Proxy]&amp#27;[39m Matched '/element' to command name 'findElement'
[debug] &amp#27;[35m[WD Proxy]&amp#27;[39m Proxying [POST /element] to [POST http://127.0.0.1:8268/wd/hub/session/585bd575-2105-4d52-b8cf-94a6243df4e0/element] with body: {"strategy":"id","selector":"com.waveline.nabiz:id/source_edit_field","context":"","multiple":false}
&amp#27;[35m[WD Proxy]&amp#27;[39m Got response with status 404: {"sessionId":"585bd575-2105-4d52-b8cf-94a6243df4e0","value":{"error":"no such element","message":"An element could not be located on the page using the given search parameters","stacktrace":"io.appium.uiautomator2.common.exceptions.ElementNotFoundException: An element could not be located on the page using the given search parameters\n\tat io.appium.uiautomator2.handler.FindElement.safeHandle(FindElement.java:73)\n\tat io.appium.uiautomator2.handler.request.SafeRequestHandler.handle(SafeRequestHandler.java:41)\n\tat io.appium.uiautomator2.server.AppiumServlet.handleRequest(AppiumServlet.java:261)\n\tat io.appium.uiautomator2.server.AppiumServlet.handleHttpRequest(AppiumServlet.java:255)\n\tat io.appium.uiautomator2.http.ServerHandler.channelRead(ServerHandler.java:68)\n\tat io.netty.channel.AbstractChannelHandlerContext.invokeChannelRead(AbstractChannelHandlerContext.java:366)\n\tat io.netty.channel.AbstractChannelHandlerContext.invokeChannelRead(AbstractChannelHandlerContext.java:352)\n\tat io.netty.chann...
[debug] &amp#27;[35m[W3C]&amp#27;[39m Matched W3C error code 'no such element' to NoSuchElementError
[debug] &amp#27;[35m[BaseDriver]&amp#27;[39m Waited for 5563 ms so far
[debug] &amp#27;[35m[WD Proxy]&amp#27;[39m Matched '/element' to command name 'findElement'
[debug] &amp#27;[35m[WD Proxy]&amp#27;[39m Proxying [POST /element] to [POST http://127.0.0.1:8268/wd/hub/session/585bd575-2105-4d52-b8cf-94a6243df4e0/element] with body: {"strategy":"id","selector":"com.waveline.nabiz:id/source_edit_field","context":"","multiple":false}
&amp#27;[35m[WD Proxy]&amp#27;[39m Got response with status 404: {"sessionId":"585bd575-2105-4d52-b8cf-94a6243df4e0","value":{"error":"no such element","message":"An element could not be located on the page using the given search parameters","stacktrace":"io.appium.uiautomator2.common.exceptions.ElementNotFoundException: An element could not be located on the page using the given search parameters\n\tat io.appium.uiautomator2.handler.FindElement.safeHandle(FindElement.java:73)\n\tat io.appium.uiautomator2.handler.request.SafeRequestHandler.handle(SafeRequestHandler.java:41)\n\tat io.appium.uiautomator2.server.AppiumServlet.handleRequest(AppiumServlet.java:261)\n\tat io.appium.uiautomator2.server.AppiumServlet.handleHttpRequest(AppiumServlet.java:255)\n\tat io.appium.uiautomator2.http.ServerHandler.channelRead(ServerHandler.java:68)\n\tat io.netty.channel.AbstractChannelHandlerContext.invokeChannelRead(AbstractChannelHandlerContext.java:366)\n\tat io.netty.channel.AbstractChannelHandlerContext.invokeChannelRead(AbstractChannelHandlerContext.java:352)\n\tat io.netty.chann...
[debug] &amp#27;[35m[W3C]&amp#27;[39m Matched W3C error code 'no such element' to NoSuchElementError
[debug] &amp#27;[35m[BaseDriver]&amp#27;[39m Waited for 6152 ms so far
[debug] &amp#27;[35m[WD Proxy]&amp#27;[39m Matched '/element' to command name 'findElement'
[debug] &amp#27;[35m[WD Proxy]&amp#27;[39m Proxying [POST /element] to [POST http://127.0.0.1:8268/wd/hub/session/585bd575-2105-4d52-b8cf-94a6243df4e0/element] with body: {"strategy":"id","selector":"com.waveline.nabiz:id/source_edit_field","context":"","multiple":false}
[...]
[debug] &amp#27;[35m[W3C]&amp#27;[39m Matched W3C error code 'no such element' to NoSuchElementError
[debug] &amp#27;[35m[BaseDriver]&amp#27;[39m Waited for 9728 ms so far
[debug] &amp#27;[35m[WD Proxy]&amp#27;[39m Matched '/element' to command name 'findElement'
[debug] &amp#27;[35m[WD Proxy]&amp#27;[39m Proxying [POST /element] to [POST http://127.0.0.1:8268/wd/hub/session/585bd575-2105-4d52-b8cf-94a6243df4e0/element] with body: {"strategy":"id","selector":"com.waveline.nabiz:id/source_edit_field","context":"","multiple":false}
&amp#27;[35m[WD Proxy]&amp#27;[39m Got response with status 404: {"sessionId":"585bd575-2105-4d52-b8cf-94a6243df4e0","value":{"error":"no such element","message":"An element could not be located on the page using the given search parameters","stacktrace":"io.appium.uiautomator2.common.exceptions.ElementNotFoundException: An element could not be located on the page using the given search parameters\n\tat io.appium.uiautomator2.handler.FindElement.safeHandle(FindElement.java:73)\n\tat io.appium.uiautomator2.handler.request.SafeRequestHandler.handle(SafeRequestHandler.java:41)\n\tat io.appium.uiautomator2.server.AppiumServlet.handleRequest(AppiumServlet.java:261)\n\tat io.appium.uiautomator2.server.AppiumServlet.handleHttpRequest(AppiumServlet.java:255)\n\tat io.appium.uiautomator2.http.ServerHandler.channelRead(ServerHandler.java:68)\n\tat io.netty.channel.AbstractChannelHandlerContext.invokeChannelRead(AbstractChannelHandlerContext.java:366)\n\tat io.netty.channel.AbstractChannelHandlerContext.invokeChannelRead(AbstractChannelHandlerContext.java:352)\n\tat io.netty.chann...
[debug] &amp#27;[35m[W3C]&amp#27;[39m Matched W3C error code 'no such element' to NoSuchElementError
[debug] &amp#27;[35m[BaseDriver]&amp#27;[39m Waited for 10323 ms so far
[debug] &amp#27;[35m[WD Proxy]&amp#27;[39m Matched '/element' to command name 'findElement'
[debug] &amp#27;[35m[WD Proxy]&amp#27;[39m Proxying [POST /element] to [POST http://127.0.0.1:8268/wd/hub/session/585bd575-2105-4d52-b8cf-94a6243df4e0/element] with body: {"strategy":"id","selector":"com.waveline.nabiz:id/source_edit_field","context":"","multiple":false}
&amp#27;[35m[WD Proxy]&amp#27;[39m Got response with status 404: {"sessionId":"585bd575-2105-4d52-b8cf-94a6243df4e0","value":{"error":"no such element","message":"An element could not be located on the page using the given search parameters","stacktrace":"io.appium.uiautomator2.common.exceptions.ElementNotFoundException: An element could not be located on the page using the given search parameters\n\tat io.appium.uiautomator2.handler.FindElement.safeHandle(FindElement.java:73)\n\tat io.appium.uiautomator2.handler.request.SafeRequestHandler.handle(SafeRequestHandler.java:41)\n\tat io.appium.uiautomator2.server.AppiumServlet.handleRequest(AppiumServlet.java:261)\n\tat io.appium.uiautomator2.server.AppiumServlet.handleHttpRequest(AppiumServlet.java:255)\n\tat io.appium.uiautomator2.http.ServerHandler.channelRead(ServerHandler.java:68)\n\tat io.netty.channel.AbstractChannelHandlerContext.invokeChannelRead(AbstractChannelHandlerContext.java:366)\n\tat io.netty.channel.AbstractChannelHandlerContext.invokeChannelRead(AbstractChannelHandlerContext.java:352)\n\tat io.netty.chann...
[debug] &amp#27;[35m[W3C]&amp#27;[39m Matched W3C error code 'no such element' to NoSuchElementError
[debug] &amp#27;[35m[BaseDriver]&amp#27;[39m Waited for 10916 ms so far
[debug] &amp#27;[35m[WD Proxy]&amp#27;[39m Matched '/element' to command name 'findElement'
[debug] &amp#27;[35m[WD Proxy]&amp#27;[39m Proxying [POST /element] to [POST http://127.0.0.1:8268/wd/hub/session/585bd575-2105-4d52-b8cf-94a6243df4e0/element] with body: {"strategy":"id","selector":"com.waveline.nabiz:id/source_edit_field","context":"","multiple":false}
&amp#27;[35m[WD Proxy]&amp#27;[39m Got response with status 404: {"sessionId":"585bd575-2105-4d52-b8cf-94a6243df4e0","value":{"error":"no such element","message":"An element could not be located on the page using the given search parameters","stacktrace":"io.appium.uiautomator2.common.exceptions.ElementNotFoundException: An element could not be located on the page using the given search parameters\n\tat io.appium.uiautomator2.handler.FindElement.safeHandle(FindElement.java:73)\n\tat io.appium.uiautomator2.handler.request.SafeRequestHandler.handle(SafeRequestHandler.java:41)\n\tat io.appium.uiautomator2.server.AppiumServlet.handleRequest(AppiumServlet.java:261)\n\tat io.appium.uiautomator2.server.AppiumServlet.handleHttpRequest(AppiumServlet.java:255)\n\tat io.appium.uiautomator2.http.ServerHandler.channelRead(ServerHandler.java:68)\n\tat io.netty.channel.AbstractChannelHandlerContext.invokeChannelRead(AbstractChannelHandlerContext.java:366)\n\tat io.netty.channel.AbstractChannelHandlerContext.invokeChannelRead(AbstractChannelHandlerContext.java:352)\n\tat io.netty.chann...
[debug] &amp#27;[35m[W3C]&amp#27;[39m Matched W3C error code 'no such element' to NoSuchElementError
[debug] &amp#27;[35m[BaseDriver]&amp#27;[39m Waited for 11536 ms so far
[debug] &amp#27;[35m[WD Proxy]&amp#27;[39m Matched '/element' to command name 'findElement'
[debug] &amp#27;[35m[WD Proxy]&amp#27;[39m Proxying [POST /element] to [POST http://127.0.0.1:8268/wd/hub/session/585bd575-2105-4d52-b8cf-94a6243df4e0/element] with body: {"strategy":"id","selector":"com.waveline.nabiz:id/source_edit_field","context":"","multiple":false}
&amp#27;[35m[WD Proxy]&amp#27;[39m Got response with status 404: {"sessionId":"585bd575-2105-4d52-b8cf-94a6243df4e0","value":{"error":"no such element","message":"An element could not be located on the page using the given search parameters","stacktrace":"io.appium.uiautomator2.common.exceptions.ElementNotFoundException: An element could not be located on the page using the given search parameters\n\tat io.appium.uiautomator2.handler.FindElement.safeHandle(FindElement.java:73)\n\tat io.appium.uiautomator2.handler.request.SafeRequestHandler.handle(SafeRequestHandler.java:41)\n\tat io.appium.uiautomator2.server.AppiumServlet.handleRequest(AppiumServlet.java:261)\n\tat io.appium.uiautomator2.server.AppiumServlet.handleHttpRequest(AppiumServlet.java:255)\n\tat io.appium.uiautomator2.http.ServerHandler.channelRead(ServerHandler.java:68)\n\tat io.netty.channel.AbstractChannelHandlerContext.invokeChannelRead(AbstractChannelHandlerContext.java:366)\n\tat io.netty.channel.AbstractChannelHandlerContext.invokeChannelRead(AbstractChannelHandlerContext.java:352)\n\tat io.netty.chann...
[debug] &amp#27;[35m[W3C]&amp#27;[39m Matched W3C error code 'no such element' to NoSuchElementError
[debug] &amp#27;[35m[BaseDriver]&amp#27;[39m Waited for 12146 ms so far
[debug] &amp#27;[35m[WD Proxy]&amp#27;[39m Matched '/element' to command name 'findElement'
[debug] &amp#27;[35m[WD Proxy]&amp#27;[39m Proxying [POST /element] to [POST http://127.0.0.1:8268/wd/hub/session/585bd575-2105-4d52-b8cf-94a6243df4e0/element] with body: {"strategy":"id","selector":"com.waveline.nabiz:id/source_edit_field","context":"","multiple":false}
&amp#27;[35m[WD Proxy]&amp#27;[39m Got response with status 404: {"sessionId":"585bd575-2105-4d52-b8cf-94a6243df4e0","value":{"error":"no such element","message":"An element could not be located on the page using the given search parameters","stacktrace":"io.appium.uiautomator2.common.exceptions.ElementNotFoundException: An element could not be located on the page using the given search parameters\n\tat io.appium.uiautomator2.handler.FindElement.safeHandle(FindElement.java:73)\n\tat io.appium.uiautomator2.handler.request.SafeRequestHandler.handle(SafeRequestHandler.java:41)\n\tat io.appium.uiautomator2.server.AppiumServlet.handleRequest(AppiumServlet.java:261)\n\tat io.appium.uiautomator2.server.AppiumServlet.handleHttpRequest(AppiumServlet.java:255)\n\tat io.appium.uiautomator2.http.ServerHandler.channelRead(ServerHandler.java:68)\n\tat io.netty.channel.AbstractChannelHandlerContext.invokeChannelRead(AbstractChannelHandlerContext.java:366)\n\tat io.netty.channel.AbstractChannelHandlerContext.invokeChannelRead(AbstractChannelHandlerContext.java:352)\n\tat io.netty.chann...
[debug] &amp#27;[35m[W3C]&amp#27;[39m Matched W3C error code 'no such element' to NoSuchElementError
[debug] &amp#27;[35m[BaseDriver]&amp#27;[39m Waited for 12733 ms so far
[debug] &amp#27;[35m[WD Proxy]&amp#27;[39m Matched '/element' to command name 'findElement'
[debug] &amp#27;[35m[WD Proxy]&amp#27;[39m Proxying [POST /element] to [POST http://127.0.0.1:8268/wd/hub/session/585bd575-2105-4d52-b8cf-94a6243df4e0/element] with body: {"strategy":"id","selector":"com.waveline.nabiz:id/source_edit_field","context":"","multiple":false}
&amp#27;[35m[WD Proxy]&amp#27;[39m Got response with status 404: {"sessionId":"585bd575-2105-4d52-b8cf-94a6243df4e0","value":{"error":"no such element","message":"An element could not be located on the page using the given search parameters","stacktrace":"io.appium.uiautomator2.common.exceptions.ElementNotFoundException: An element could not be located on the page using the given search parameters\n\tat io.appium.uiautomator2.handler.FindElement.safeHandle(FindElement.java:73)\n\tat io.appium.uiautomator2.handler.request.SafeRequestHandler.handle(SafeRequestHandler.java:41)\n\tat io.appium.uiautomator2.server.AppiumServlet.handleRequest(AppiumServlet.java:261)\n\tat io.appium.uiautomator2.server.AppiumServlet.handleHttpRequest(AppiumServlet.java:255)\n\tat io.appium.uiautomator2.http.ServerHandler.channelRead(ServerHandler.java:68)\n\tat io.netty.channel.AbstractChannelHandlerContext.invokeChannelRead(AbstractChannelHandlerContext.java:366)\n\tat io.netty.channel.AbstractChannelHandlerContext.invokeChannelRead(AbstractChannelHandlerContext.java:352)\n\tat io.netty.chann...
[debug] &amp#27;[35m[W3C]&amp#27;[39m Matched W3C error code 'no such element' to NoSuchElementError
[debug] &amp#27;[35m[BaseDriver]&amp#27;[39m Waited for 13360 ms so far
[debug] &amp#27;[35m[WD Proxy]&amp#27;[39m Matched '/element' to command name 'findElement'
[debug] &amp#27;[35m[WD Proxy]&amp#27;[39m Proxying [POST /element] to [POST http://127.0.0.1:8268/wd/hub/session/585bd575-2105-4d52-b8cf-94a6243df4e0/element] with body: {"strategy":"id","selector":"com.waveline.nabiz:id/source_edit_field","context":"","multiple":false}
&amp#27;[35m[WD Proxy]&amp#27;[39m Got response with status 404: {"sessionId":"585bd575-2105-4d52-b8cf-94a6243df4e0","value":{"error":"no such element","message":"An element could not be located on the page using the given search parameters","stacktrace":"io.appium.uiautomator2.common.exceptions.ElementNotFoundException: An element could not be located on the page using the given search parameters\n\tat io.appium.uiautomator2.handler.FindElement.safeHandle(FindElement.java:73)\n\tat io.appium.uiautomator2.handler.request.SafeRequestHandler.handle(SafeRequestHandler.java:41)\n\tat io.appium.uiautomator2.server.AppiumServlet.handleRequest(AppiumServlet.java:261)\n\tat io.appium.uiautomator2.server.AppiumServlet.handleHttpRequest(AppiumServlet.java:255)\n\tat io.appium.uiautomator2.http.ServerHandler.channelRead(ServerHandler.java:68)\n\tat io.netty.channel.AbstractChannelHandlerContext.invokeChannelRead(AbstractChannelHandlerContext.java:366)\n\tat io.netty.channel.AbstractChannelHandlerContext.invokeChannelRead(AbstractChannelHandlerContext.java:352)\n\tat io.netty.chann...
[debug] &amp#27;[35m[W3C]&amp#27;[39m Matched W3C error code 'no such element' to NoSuchElementError
[debug] &amp#27;[35m[BaseDriver]&amp#27;[39m Waited for 13981 ms so far
[debug] &amp#27;[35m[WD Proxy]&amp#27;[39m Matched '/element' to command name 'findElement'
[debug] &amp#27;[35m[WD Proxy]&amp#27;[39m Proxying [POST /element] to [POST http://127.0.0.1:8268/wd/hub/session/585bd575-2105-4d52-b8cf-94a6243df4e0/element] with body: {"strategy":"id","selector":"com.waveline.nabiz:id/source_edit_field","context":"","multiple":false}
&amp#27;[35m[WD Proxy]&amp#27;[39m Got response with status 404: {"sessionId":"585bd575-2105-4d52-b8cf-94a6243df4e0","value":{"error":"no such element","message":"An element could not be located on the page using the given search parameters","stacktrace":"io.appium.uiautomator2.common.exceptions.ElementNotFoundException: An element could not be located on the page using the given search parameters\n\tat io.appium.uiautomator2.handler.FindElement.safeHandle(FindElement.java:73)\n\tat io.appium.uiautomator2.handler.request.SafeRequestHandler.handle(SafeRequestHandler.java:41)\n\tat io.appium.uiautomator2.server.AppiumServlet.handleRequest(AppiumServlet.java:261)\n\tat io.appium.uiautomator2.server.AppiumServlet.handleHttpRequest(AppiumServlet.java:255)\n\tat io.appium.uiautomator2.http.ServerHandler.channelRead(ServerHandler.java:68)\n\tat io.netty.channel.AbstractChannelHandlerContext.invokeChannelRead(AbstractChannelHandlerContext.java:366)\n\tat io.netty.channel.AbstractChannelHandlerContext.invokeChannelRead(AbstractChannelHandlerContext.java:352)\n\tat io.netty.chann...
[debug] &amp#27;[35m[W3C]&amp#27;[39m Matched W3C error code 'no such element' to NoSuchElementError
[debug] &amp#27;[35m[BaseDriver]&amp#27;[39m Waited for 14582 ms so far
[debug] &amp#27;[35m[WD Proxy]&amp#27;[39m Matched '/element' to command name 'findElement'
[debug] &amp#27;[35m[WD Proxy]&amp#27;[39m Proxying [POST /element] to [POST http://127.0.0.1:8268/wd/hub/session/585bd575-2105-4d52-b8cf-94a6243df4e0/element] with body: {"strategy":"id","selector":"com.waveline.nabiz:id/source_edit_field","context":"","multiple":false}
&amp#27;[35m[WD Proxy]&amp#27;[39m Got response with status 404: {"sessionId":"585bd575-2105-4d52-b8cf-94a6243df4e0","value":{"error":"no such element","message":"An element could not be located on the page using the given search parameters","stacktrace":"io.appium.uiautomator2.common.exceptions.ElementNotFoundException: An element could not be located on the page using the given search parameters\n\tat io.appium.uiautomator2.handler.FindElement.safeHandle(FindElement.java:73)\n\tat io.appium.uiautomator2.handler.request.SafeRequestHandler.handle(SafeRequestHandler.java:41)\n\tat io.appium.uiautomator2.server.AppiumServlet.handleRequest(AppiumServlet.java:261)\n\tat io.appium.uiautomator2.server.AppiumServlet.handleHttpRequest(AppiumServlet.java:255)\n\tat io.appium.uiautomator2.http.ServerHandler.channelRead(ServerHandler.java:68)\n\tat io.netty.channel.AbstractChannelHandlerContext.invokeChannelRead(AbstractChannelHandlerContext.java:366)\n\tat io.netty.channel.AbstractChannelHandlerContext.invokeChannelRead(AbstractChannelHandlerContext.java:352)\n\tat io.netty.chann...
[debug] &amp#27;[35m[W3C]&amp#27;[39m Matched W3C error code 'no such element' to NoSuchElementError
[debug] &amp#27;[35m[W3C (d6cffb9e)]&amp#27;[39m Encountered internal error running command: NoSuchElementError: An element could not be located on the page using the given search parameters.
[debug] &amp#27;[35m[W3C (d6cffb9e)]&amp#27;[39m     at AndroidUiautomator2Driver.findElOrEls (C:\Users\Emre\AppData\Roaming\npm\node_modules\appium\node_modules\appium-android-driver\lib\commands\find.js:75:11)
[debug] &amp#27;[35m[W3C (d6cffb9e)]&amp#27;[39m     at processTicksAndRejections (internal/process/task_queues.js:93:5)
[debug] &amp#27;[35m[W3C (d6cffb9e)]&amp#27;[39m     at AndroidUiautomator2Driver.findElOrElsWithProcessing (C:\Users\Emre\AppData\Roaming\npm\node_modules\appium\node_modules\appium-base-driver\lib\basedriver\commands\find.js:33:12)
[debug] &amp#27;[35m[W3C (d6cffb9e)]&amp#27;[39m     at AndroidUiautomator2Driver.findElement (C:\Users\Emre\AppData\Roaming\npm\node_modules\appium\node_modules\appium-base-driver\lib\basedriver\commands\find.js:53:10)
&amp#27;[35m[HTTP]&amp#27;[39m &amp#27;[37m<-- POST /wd/hub/session/d6cffb9e-23b9-42dd-ac39-3fd2c2555e42/element &amp#27;[39m&amp#27;[33m404&amp#27;[39m &amp#27;[90m15248 ms - 875&amp#27;[39m
&amp#27;[35m[HTTP]&amp#27;[39m &amp#27;[90m&amp#27;[39m
&amp#27;[35m[HTTP]&amp#27;[39m &amp#27;[37m-->&amp#27;[39m &amp#27;[37mGET&amp#27;[39m &amp#27;[37m/wd/hub/session/d6cffb9e-23b9-42dd-ac39-3fd2c2555e42/screenshot&amp#27;[39m
&amp#27;[35m[HTTP]&amp#27;[39m &amp#27;[90m{}&amp#27;[39m
[debug] &amp#27;[35m[W3C (d6cffb9e)]&amp#27;[39m Calling AppiumDriver.getScreenshot() with args: ["d6cffb9e-23b9-42dd-ac39-3fd2c2555e42"]
[debug] &amp#27;[35m[WD Proxy]&amp#27;[39m Matched '/screenshot' to command name 'getScreenshot'
[debug] &amp#27;[35m[WD Proxy]&amp#27;[39m Proxying [GET /screenshot] to [GET http://127.0.0.1:8268/wd/hub/session/585bd575-2105-4d52-b8cf-94a6243df4e0/screenshot] with no body
[debug] &amp#27;[35m[WD Proxy]&amp#27;[39m Got response with status 200: {"sessionId":"585bd575-2105-4d52-b8cf-94a6243df4e0","value":"iVBORw0KGgoAAAANSUhEUgAABDgAAAeACAYAAAArYecKAAAABHNCSVQICAgIfAhkiAAAIABJREFU\neJzs3dl3W+dh9/vf3hsDMXCAOIiUKIq0JWueLMuWZcuZnKQ5fRunw5v0Tet0db2rzR9wmpXLnqve\n5OLcnJwmp3VO+zpj0+E4bWLHQzxItmxLtmTNsiRSEkVSHCSOIEBM+1xQgAASwwYJUgL5/ayVWMSe\nHmw82MD+4RmMH/3oR7YAAAAAAACqmHm/CwAAAAAAALBYBBwAAAAAAKDqEXAAAAAAAICqR8ABAAAA\nAACqHgEHAAAAAACoegQcAAAAAACg6hFwAAAAAACAqkfAAQAAAAAAqh4BBwAAAAAAqHoEHAAAAAAA\noOoRcAAAAAAAgKpHwAEAAAAAAKoeAQcAAAAAAKh6BBwAAAAAAKDqEXAAAAAAAICqR8ABAAAAAACq\nHgEHAAAAAACoegQcAAAAAACg6hFwAAAAAACAqkfAAQAAAAAAqp7rfhcAAAAAAFYat9ut1tZW1dbW\nqqamRolEQtFoVMPDwxodHc27TWNjo1KpVMHl1c40TQUCAUUiESUSiftdHKxABBwAAAAAUCF1dXXa\ntWuX1q9fL8Mw8q4zPT2tCxcuqLu7W6lUSpK0e/dubdu2TZL06quvrriQw+fzKRQKybIsuVyuFff8\nlkMgEFB7e7vWrl0rv98vn88nj8dT0WPYtq0jR45oYGAgc0zLsjQxMSFJ2r9/vzZt2lRyP9FoVJFI\nRJOTk+rv79fAwIBisVhFy5oPAQcAAAAAVMD27du1c+fOgsFGmt/vz9wovvvuu+rq6sqEGytRKBRS\nMBjM/F3q/CBXU1OT9uzZo6ampiU/1nvvvZcJN2pqanTw4EH97ne/kzT7unV0dDjaT01NjWpqahQK\nhdTR0SHbtnX9+nWdOXNG09PT...
[debug] &amp#27;[35m[W3C (d6cffb9e)]&amp#27;[39m Responding to client with driver.getScreenshot() result: "iVBORw0KGgoAAAANSUhEUgAABDgAAAeACAYAAAArYecKAAAABHNCSVQICAgIfAhkiAAAIABJREFU\neJzs3dl3W+dh9/vf3hsDMXCAOIiUKIq0JWueLMuWZcuZnKQ5fRunw5v0Tet0db2rzR9wmpXLnqve\n5OLcnJwmp3VO+zpj0+E4bWLHQzxItmxLtmTNsiRSEkVSHCSOIEBM+1xQgAASwwYJUgL5/ayVWMSe\nHmw82MD+4RmMH/3oR7YAAAAAAACqmHm/CwAAAAAAALBYBBwAAAAAAKDqEXAAAAAAAICqR8ABAAAA\nAACqHgEHAAAAAACoegQcAAAAAACg6hFwAAAAAACAqkfAAQAAAAAAqh4BBwAAAAAAqHoEHAAAAAAA\noOoRcAAAAAAAgKpHwAEAAAAAAKoeAQcAAAAAAKh6BBwAAAAAAKDqEXAAAAAAAICqR8ABAAAAAACq\nHgEHAAAAAACoegQcAAAAAACg6hFwAAAAAACAqkfAAQAAAAAAqp7rfhcAAAAAAFYat9ut1tZW1dbW\nqqamRolEQtFoVMPDwxodHc27TWNjo1KpVMHl1c40TQUCAUUiESUSiftdHKxABBwAAAAAUCF1dXXa\ntWuX1q9fL8Mw8q4zPT2tCxcuqLu7W6lUSpK0e/dubdu2TZL06quvrriQw+fzKRQKybIsuVyuFff8\nlkMgEFB7e7vWrl0rv98vn88nj8dT0WPYtq0jR45oYGAgc0zLsjQxMSFJ2r9/vzZt2lRyP9FoVJFI\nRJOTk+rv79fAwIBisVhFy5oPAQcAAAAAVMD27du1c+fOgsFGmt/vz9wovvvuu+rq6sqEGytRKBRS\nMBjM/F3q/CBXU1OT9uzZo6ampiU/1nvvvZcJN2pqanTw4EH97ne/kzT7unV0dDjaT01NjWpqahQK\nhdTR0SHbtnX9+nWdOXNG09PTS1b+FRdwmKYpv9+veDyumZmZ+10cAAAAAKvAE088oc7OzszfiURC\nN2/e1N...
&amp#27;[35m[HTTP]&amp#27;[39m &amp#27;[37m<-- GET /wd/hub/session/d6cffb9e-23b9-42dd-ac39-3fd2c2555e42/screenshot &amp#27;[39m&amp#27;[32m200&amp#27;[39m &amp#27;[90m1023 ms - 906118&amp#27;[39m
&amp#27;[35m[HTTP]&amp#27;[39m &amp#27;[90m&amp#27;[39m
]]></system-out>
    <system-err><![CDATA[Oca 19, 2021 6:33:50 AM io.appium.java_client.remote.AppiumCommandExecutor$1 lambda$0
INFO: Detected dialect: W3C
]]></system-err>
  </testcase>
</testsuite>